<?xml version="1.0" encoding="UTF-8"?>
<testsuite xmlns:xsi="http://www.w3.org/2001/XMLSchema-instance" xsi:noNamespaceSchemaLocation="https://maven.apache.org/surefire/maven-surefire-plugin/xsd/surefire-test-report-3.0.xsd" version="3.0" name="calculator.CalculationUtilsTest" time="1.142" tests="14" errors="0" skipped="0" failures="0">
  <properties>
[...]
</properties>
  <testcase name="getPositiveNegativeFractionalNumberTest(double, double)[1]" classname="calculator.CalculationUtilsTest" time="0.115"/>
  <testcase name="getPositiveNegativeFractionalNumberTest(double, double)[2]" classname="calculator.CalculationUtilsTest" time="0.003"/>
  <testcase name="getPositiveNegativeFractionalNumberTest(double, double)[3]" classname="calculator.CalculationUtilsTest" time="0.008"/>
  <testcase name="getPositiveNegativeFractionalNumberTest(double, String)[1]" classname="calculator.CalculationUtilsTest" time="0.009"/>
  <testcase name="getPositiveNegativeFractionalNumberTest(String)[1]" classname="calculator.CalculationUtilsTest" time="0.825">
    <system-out><![CDATA[Вы ввели не число,повторите ввод
Вы ввели не число,повторите ввод
Вы ввели не число,повторите ввод
Вы ввели не число,повторите ввод
Вы ввели не число,повторите ввод
Вы ввели не число,повторите ввод
Вы ввели не число,повторите ввод
Вы ввели не число,повторите ввод
Вы ввели не число,повторите ввод
Вы ввели не число,повторите ввод
Вы ввели не число,повторите ввод
Вы ввели не число,повторите ввод
Вы ввели не число,повторите ввод
Вы ввели не число,повторите ввод
Вы ввели не число,повторите ввод
Вы ввели не число,повторите ввод
Вы ввели не число,повторите ввод
Вы ввели не число,повторите ввод
Вы ввели не число,повторите ввод
Вы ввели не число,повторите ввод
Вы ввели не число,повторите ввод
Вы ввели не число,повторите ввод
Вы ввели не число,повторите ввод
Вы ввели не число,повторите ввод
Вы ввели не число,повторите ввод
Вы ввели не число,повторите ввод
Вы ввели не число,повторите ввод
Вы ввели не число,повторите ввод
Вы ввели не число,повторите ввод
Вы ввели не число,повторите ввод
Вы ввели не число,повторите ввод
Вы ввели не число,повторите ввод
Вы ввели не число,повторите ввод
Вы ввели не число,повторите ввод
Вы ввели не число,повторите ввод
Вы ввели не число,повторите ввод
Вы ввели не число,повторите ввод
Вы ввели не число,повторите ввод
Вы ввели не число,повторите ввод
Вы ввели не число,повторите ввод
Вы ввели не число,повторите ввод
Вы ввели не число,повторите ввод
Вы ввели не число,повторите ввод
Вы ввели не число,повторите ввод
Вы ввели не число,повторите ввод
Вы ввели не число,повторите ввод
Вы ввели не число,повторите ввод
Вы ввели не число,повторите ввод
Вы ввели не число,повторите ввод
Вы ввели не число,повторите ввод
Вы ввели не число,повторите ввод
Вы ввели не число,повторите ввод
Вы ввели не число,повторите ввод
Вы ввели не число,повторите ввод
Вы ввели не число,повторите ввод
Вы ввели не число,повторите ввод
Вы ввели не число,повторите ввод
Вы ввели не число,повторите ввод
Вы ввели не число,повторите ввод
Вы ввели не число,повторите ввод
Вы ввели не число,повторите ввод
Вы ввели не число,повторите ввод
Вы ввели не число,повторите ввод
Вы ввели не число,повторите ввод
Вы ввели не число,повторите ввод
Вы ввели не число,повторите ввод
Вы ввели не число,повторите ввод
Вы ввели не число,повторите ввод
Вы ввели не число,повторите ввод
Вы ввели не число,повторите ввод
Вы ввели не число,повторите ввод
Вы ввели не число,повторите ввод
Вы ввели не число,повторите ввод
Вы ввели не число,повторите ввод
Вы ввели не число,повторите ввод
Вы ввели не число,повторите ввод
Вы ввели не число,повторите ввод
Вы ввели не число,повторите ввод
Вы ввели не число,повторите ввод
Вы ввели не число,повторите ввод
Вы ввели не число,повторите ввод
Вы ввели не число,повторите ввод
Вы ввели не число,повторите ввод
Вы ввели не число,повторите ввод
Вы ввели не число,повторите ввод
Вы ввели не число,повторите ввод
Вы ввели не число,повторите ввод
Вы ввели не число,повторите ввод
Вы ввели не число,повторите ввод
Вы ввели не число,повторите ввод
Вы ввели не число,повторите ввод
Вы ввели не число,повторите ввод
Вы ввели не число,повторите ввод
Вы ввели не число,повторите ввод
Вы ввели не число,повторите ввод
Вы ввели не число,повторите ввод
Вы ввели не число,повторите ввод
Вы ввели не число,повторите ввод
Вы ввели не число,повторите ввод
Вы ввели не число,повторите ввод
Вы ввели не число,повторите ввод
Вы ввели не число,повторите ввод
Вы ввели не число,повторите ввод
Вы ввели не число,повторите ввод
Вы ввели не число,повторите ввод
Вы ввели не число,повторите ввод
Вы ввели не число,повторите ввод
Вы ввели не число,повторите ввод
Вы ввели не число,повторите ввод
Вы ввели не число,повторите ввод
Вы ввели не число,повторите ввод
Вы ввели не число,повторите ввод
Вы ввели не число,повторите ввод
Вы ввели не число,повторите ввод
Вы ввели не число,повторите ввод
Вы ввели не число,повторите ввод
Вы ввели не число,повторите ввод
Вы ввели не число,повторите ввод
Вы ввели не число,повторите ввод
Вы ввели не число,повторите ввод
Вы ввели не число,повторите ввод
Вы ввели не число,повторите ввод
Вы ввели не число,повторите ввод
Вы ввели не число,повторите ввод
Вы ввели не число,повторите ввод
Вы ввели не число,повторите ввод
Вы ввели не число,повторите ввод
Вы ввели не число,повторите ввод
Вы ввели не число,повторите ввод
Вы ввели не число,повторите ввод
Вы ввели не число,повторите ввод
Вы ввели не число,повторите ввод
Вы ввели не число,повторите ввод
Вы ввели не число,повторите ввод
Вы ввели не число,повторите ввод
Вы ввели не число,повторите ввод
Вы ввели не число,повторите ввод
Вы ввели не число,повторите ввод
Вы ввели не число,повторите ввод
Вы ввели не число,повторите ввод
Вы ввели не число,повторите ввод
Вы ввели не число,повторите ввод
Вы ввели не число,повторите ввод
Вы ввели не число,повторите ввод
Вы ввели не число,повторите ввод
Вы ввели не число,повторите ввод
Вы ввели не число,повторите ввод
Вы ввели не число,повторите ввод
Вы ввели не число,повторите ввод
Вы ввели не число,повторите ввод
Вы ввели не число,повторите ввод
Вы ввели не число,повторите ввод
Вы ввели не число,повторите ввод
Вы ввели не число,повторите ввод
Вы ввели не число,повторите ввод
Вы ввели не число,повторите ввод
Вы ввели не число,повторите ввод
Вы ввели не число,повторите ввод
Вы ввели не число,повторите ввод
Вы ввели не число,повторите ввод
Вы ввели не число,повторите ввод
Вы ввели не число,повторите ввод
Вы ввели не число,повторите ввод
Вы ввели не число,повторите ввод
Вы ввели не число,повторите ввод
Вы ввели не число,повторите ввод
Вы ввели не число,повторите ввод
Вы ввели не число,повторите ввод
Вы ввели не число,повторите ввод
Вы ввели не число,повторите ввод
Вы ввели не число,повторите ввод
Вы ввели не число,повторите ввод
Вы ввели не число,повторите ввод
Вы ввели не число,повторите ввод
Вы ввели не число,повторите ввод
Вы ввели не число,повторите ввод
Вы ввели не число,повторите ввод
Вы ввели не число,повторите ввод
Вы ввели не число,повторите ввод
Вы ввели не число,повторите ввод
Вы ввели не число,повторите ввод
Вы ввели не число,повторите ввод
Вы ввели не число,повторите ввод
Вы ввели не число,повторите ввод
Вы ввели не число,повторите ввод
Вы ввели не число,повторите ввод
Вы ввели не число,повторите ввод
Вы ввели не число,повторите ввод
Вы ввели не число,повторите ввод
Вы ввели не число,повторите ввод
Вы ввели не число,повторите ввод
Вы ввели не число,повторите ввод
Вы ввели не число,повторите ввод
Вы ввели не число,повторите ввод
Вы ввели не число,повторите ввод
Вы ввели не число,повторите ввод
Вы ввели не число,повторите ввод
Вы ввели не число,повторите ввод
Вы ввели не число,повторите ввод
Вы ввели не число,повторите ввод
Вы ввели не число,повторите ввод
Вы ввели не число,повторите ввод
Вы ввели не число,повторите ввод
Вы ввели не число,повторите ввод
Вы ввели не число,повторите ввод
Вы ввели не число,повторите ввод
Вы ввели не число,повторите ввод
Вы ввели не число,повторите ввод
Вы ввели не число,повторите ввод
Вы ввели не число,повторите ввод
Вы ввели не число,повторите ввод
Вы ввели не число,повторите ввод
Вы ввели не число,повторите ввод
Вы ввели не число,повторите ввод
Вы ввели не число,повторите ввод
Вы ввели не число,повторите ввод
Вы ввели не число,повторите ввод
Вы ввели не число,повторите ввод
Вы ввели не число,повторите ввод
Вы ввели не число,повторите ввод
Вы ввели не число,повторите ввод
Вы ввели не число,повторите ввод
Вы ввели не число,повторите ввод
Вы ввели не число,повторите ввод
Вы ввели не число,повторите ввод
Вы ввели не число,повторите ввод
Вы ввели не число,повторите ввод
Вы ввели не число,повторите ввод
Вы ввели не число,повторите ввод
Вы ввели не число,повторите ввод
Вы ввели не число,повторите ввод
Вы ввели не число,повторите ввод
Вы ввели не число,повторите ввод
Вы ввели не число,повторите ввод
Вы ввели не число,повторите ввод
Вы ввели не число,повторите ввод
Вы ввели не число,повторите ввод
Вы ввели не число,повторите ввод
Вы ввели не число,повторите ввод
Вы ввели не число,повторите ввод
Вы ввели не число,повторите ввод
Вы ввели не число,повторите ввод
Вы ввели не число,повторите ввод
Вы ввели не число,повторите ввод
Вы ввели не число,повторите ввод
Вы ввели не число,повторите ввод
Вы ввели не число,повторите ввод
Вы ввели не число,повторите ввод
Вы ввели не число,повторите ввод
Вы ввели не число,повторите ввод
Вы ввели не число,повторите ввод
Вы ввели не число,повторите ввод
Вы ввели не число,повторите ввод
Вы ввели не число,повторите ввод
Вы ввели не число,повторите ввод
Вы ввели не число,повторите ввод
Вы ввели не число,повторите ввод
Вы ввели не число,повторите ввод
Вы ввели не число,повторите ввод
Вы ввели не число,повторите ввод
Вы ввели не число,повторите ввод
Вы ввели не число,повторите ввод
Вы ввели не число,повторите ввод
Вы ввели не число,повторите ввод
Вы ввели не число,повторите ввод
Вы ввели не число,повторите ввод
Вы ввели не число,повторите ввод
Вы ввели не число,повторите ввод
Вы ввели не число,повторите ввод
Вы ввели не число,повторите ввод
Вы ввели не число,повторите ввод
Вы ввели не число,повторите ввод
Вы ввели не число,повторите ввод
Вы ввели не число,повторите ввод
Вы ввели не число,повторите ввод
Вы ввели не число,повторите ввод
Вы ввели не число,повторите ввод
Вы ввели не число,повторите ввод
Вы ввели не число,повторите ввод
Вы ввели не число,повторите ввод
Вы ввели не число,повторите ввод
Вы ввели не число,повторите ввод
Вы ввели не число,повторите ввод
Вы ввели не число,повторите ввод
Вы ввели не число,повторите ввод
Вы ввели не число,повторите ввод
Вы ввели не число,повторите ввод
Вы ввели не число,повторите ввод
Вы ввели не число,повторите ввод
Вы ввели не число,повторите ввод
Вы ввели не число,повторите ввод
Вы ввели не число,повторите ввод
Вы ввели не число,повторите ввод
Вы ввели не число,повторите ввод
Вы ввели не число,повторите ввод
Вы ввели не число,повторите ввод
Вы ввели не число,повторите ввод
Вы ввели не число,повторите ввод
Вы ввели не число,повторите ввод
Вы ввели не число,повторите ввод
Вы ввели не число,повторите ввод
Вы ввели не число,повторите ввод
Вы ввели не число,повторите ввод
Вы ввели не число,повторите ввод
Вы ввели не число,повторите ввод
Вы ввели не число,повторите ввод
Вы ввели не число,повторите ввод
Вы ввели не число,повторите ввод
Вы ввели не число,повторите ввод
Вы ввели не число,повторите ввод
Вы ввели не число,повторите ввод
Вы ввели не число,повторите ввод
Вы ввели не число,повторите ввод
Вы ввели не число,повторите ввод
Вы ввели не число,повторите ввод
Вы ввели не число,повторите ввод
Вы ввели не число,повторите ввод
Вы ввели не число,повторите ввод
Вы ввели не число,повторите ввод
Вы ввели не число,повторите ввод
Вы ввели не число,повторите ввод
Вы ввели не число,повторите ввод
Вы ввели не число,повторите ввод
Вы ввели не число,повторите ввод
Вы ввели не число,повторите ввод
Вы ввели не число,повторите ввод
Вы ввели не число,повторите ввод
Вы ввели не число,повторите ввод
Вы ввели не число,повторите ввод
Вы ввели не число,повторите ввод
Вы ввели не число,повторите ввод
Вы ввели не число,повторите ввод
Вы ввели не число,повторите ввод
Вы ввели не число,повторите ввод
Вы ввели не число,повторите ввод
Вы ввели не число,повторите ввод
Вы ввели не число,повторите ввод
Вы ввели не число,повторите ввод
Вы ввели не число,повторите ввод
Вы ввели не число,повторите ввод
Вы ввели не число,повторите ввод
Вы ввели не число,повторите ввод
Вы ввели не число,повторите ввод
Вы ввели не число,повторите ввод
Вы ввели не число,повторите ввод
Вы ввели не число,повторите ввод
Вы ввели не число,повторите ввод
Вы ввели не число,повторите ввод
Вы ввели не число,повторите ввод
Вы ввели не число,повторите ввод
Вы ввели не число,повторите ввод
Вы ввели не число,повторите ввод
Вы ввели не число,повторите ввод
Вы ввели не число,повторите ввод
Вы ввели не число,повторите ввод
Вы ввели не число,повторите ввод
Вы ввели не число,повторите ввод
Вы ввели не число,повторите ввод
Вы ввели не число,повторите ввод
Вы ввели не число,повторите ввод
Вы ввели не число,повторите ввод
Вы ввели не число,повторите ввод
Вы ввели не число,повторите ввод
Вы ввели не число,повторите ввод
Вы ввели не число,повторите ввод
Вы ввели не число,повторите ввод
Вы ввели не число,повторите ввод
Вы ввели не число,повторите ввод
Вы ввели не число,повторите ввод
Вы ввели не число,повторите ввод
Вы ввели не число,повторите ввод
Вы ввели не число,повторите ввод
Вы ввели не число,повторите ввод
Вы ввели не число,повторите ввод
Вы ввели не число,повторите ввод
Вы ввели не число,повторите ввод
Вы ввели не число,повторите ввод
Вы ввели не число,повторите ввод
Вы ввели не число,повторите ввод
Вы ввели не число,повторите ввод
Вы ввели не число,повторите ввод
Вы ввели не число,повторите ввод
Вы ввели не число,повторите ввод
Вы ввели не число,повторите ввод
Вы ввели не число,повторите ввод
Вы ввели не число,повторите ввод
Вы ввели не число,повторите ввод
Вы ввели не число,повторите ввод
Вы ввели не число,повторите ввод
Вы ввели не число,повторите ввод
Вы ввели не число,повторите ввод
Вы ввели не число,повторите ввод
Вы ввели не число,повторите ввод
Вы ввели не число,повторите ввод
Вы ввели не число,повторите ввод
Вы ввели не число,повторите ввод
Вы ввели не число,повторите ввод
Вы ввели не число,повторите ввод
Вы ввели не число,повторите ввод
Вы ввели не число,повторите ввод
Вы ввели не число,повторите ввод
Вы ввели не число,повторите ввод
Вы ввели не число,повторите ввод
Вы ввели не число,повторите ввод
Вы ввели не число,повторите ввод
Вы ввели не число,повторите ввод
Вы ввели не число,повторите ввод
Вы ввели не число,повторите ввод
Вы ввели не число,повторите ввод
Вы ввели не число,повторите ввод
Вы ввели не число,повторите ввод
Вы ввели не число,повторите ввод
Вы ввели не число,повторите ввод
Вы ввели не число,повторите ввод
Вы ввели не число,повторите ввод
Вы ввели не число,повторите ввод
Вы ввели не число,повторите ввод
Вы ввели не число,повторите ввод
Вы ввели не число,повторите ввод
Вы ввели не число,повторите ввод
Вы ввели не число,повторите ввод
Вы ввели не число,повторите ввод
Вы ввели не число,повторите ввод
Вы ввели не число,повторите ввод
Вы ввели не число,повторите ввод
Вы ввели не число,повторите ввод
Вы ввели не число,повторите ввод
Вы ввели не число,повторите ввод
Вы ввели не число,повторите ввод
Вы ввели не число,повторите ввод
Вы ввели не число,повторите ввод
Вы ввели не число,повторите ввод
Вы ввели не число,повторите ввод
Вы ввели не число,повторите ввод
Вы ввели не число,повторите ввод
Вы ввели не число,повторите ввод
Вы ввели не число,повторите ввод
Вы ввели не число,повторите ввод
Вы ввели не число,повторите ввод
Вы ввели не число,повторите ввод
Вы ввели не число,повторите ввод
Вы ввели не число,повторите ввод
Вы ввели не число,повторите ввод
Вы ввели не число,повторите ввод
Вы ввели не число,повторите ввод
Вы ввели не число,повторите ввод
Вы ввели не число,повторите ввод
Вы ввели не число,повторите ввод
Вы ввели не число,повторите ввод
Вы ввели не число,повторите ввод
Вы ввели не число,повторите ввод
Вы ввели не число,повторите ввод
Вы ввели не число,повторите ввод
Вы ввели не число,повторите ввод
Вы ввели не число,повторите ввод
Вы ввели не число,повторите ввод
Вы ввели не число,повторите ввод
Вы ввели не число,повторите ввод
Вы ввели не число,повторите ввод
Вы ввели не число,повторите ввод
Вы ввели не число,повторите ввод
Вы ввели не число,повторите ввод
Вы ввели не число,повторите ввод
Вы ввели не число,повторите ввод
Вы ввели не число,повторите ввод
Вы ввели не число,повторите ввод
Вы ввели не число,повторите ввод
Вы ввели не число,повторите ввод
Вы ввели не число,повторите ввод
Вы ввели не число,повторите ввод
Вы ввели не число,повторите ввод
Вы ввели не число,повторите ввод
Вы ввели не число,повторите ввод
Вы ввели не число,повторите ввод
Вы ввели не число,повторите ввод
Вы ввели не число,повторите ввод
Вы ввели не число,повторите ввод
Вы ввели не число,повторите ввод
Вы ввели не число,повторите ввод
Вы ввели не число,повторите ввод
Вы ввели не число,повторите ввод
Вы ввели не число,повторите ввод
Вы ввели не число,повторите ввод
Вы ввели не число,повторите ввод
Вы ввели не число,повторите ввод
Вы ввели не число,повторите ввод
Вы ввели не число,повторите ввод
Вы ввели не число,повторите ввод
Вы ввели не число,повторите ввод
Вы ввели не число,повторите ввод
Вы ввели не число,повторите ввод
Вы ввели не число,повторите ввод
Вы ввели не число,повторите ввод
Вы ввели не число,повторите ввод
Вы ввели не число,повторите ввод
Вы ввели не число,повторите ввод
Вы ввели не число,повторите ввод
Вы ввели не число,повторите ввод
Вы ввели не число,повторите ввод
Вы ввели не число,повторите ввод
Вы ввели не число,повторите ввод
Вы ввели не число,повторите ввод
Вы ввели не число,повторите ввод
Вы ввели не число,повторите ввод
Вы ввели не число,повторите ввод
Вы ввели не число,повторите ввод
Вы ввели не число,повторите ввод
Вы ввели не число,повторите ввод
Вы ввели не число,повторите ввод
Вы ввели не число,повторите ввод
Вы ввели не число,повторите ввод
Вы ввели не число,повторите ввод
Вы ввели не число,повторите ввод
Вы ввели не число,повторите ввод
Вы ввели не число,повторите ввод
Вы ввели не число,повторите ввод
Вы ввели не число,повторите ввод
Вы ввели не число,повторите ввод
Вы ввели не число,повторите ввод
Вы ввели не число,повторите ввод
Вы ввели не число,повторите ввод
Вы ввели не число,повторите ввод
Вы ввели не число,повторите ввод
Вы ввели не число,повторите ввод
Вы ввели не число,повторите ввод
Вы ввели не число,повторите ввод
Вы ввели не число,повторите ввод
Вы ввели не число,повторите ввод
Вы ввели не число,повторите ввод
Вы ввели не число,повторите ввод
Вы ввели не число,повторите ввод
Вы ввели не число,повторите ввод
Вы ввели не число,повторите ввод
Вы ввели не число,повторите ввод
Вы ввели не число,повторите ввод
Вы ввели не число,повторите ввод
Вы ввели не число,повторите ввод
Вы ввели не число,повторите ввод
Вы ввели не число,повторите ввод
Вы ввели не число,повторите ввод
Вы ввели не число,повторите ввод
Вы ввели не число,повторите ввод
Вы ввели не число,повторите ввод
Вы ввели не число,повторите ввод
Вы ввели не число,повторите ввод
Вы ввели не число,повторите ввод
Вы ввели не число,повторите ввод
Вы ввели не число,повторите ввод
Вы ввели не число,повторите ввод
Вы ввели не число,повторите ввод
Вы ввели не число,повторите ввод
Вы ввели не число,повторите ввод
Вы ввели не число,повторите ввод
Вы ввели не число,повторите ввод
Вы ввели не число,повторите ввод
Вы ввели не число,повторите ввод
Вы ввели не число,повторите ввод
Вы ввели не число,повторите ввод
Вы ввели не число,повторите ввод
Вы ввели не число,повторите ввод
Вы ввели не число,повторите ввод
Вы ввели не число,повторите ввод
Вы ввели не число,повторите ввод
Вы ввели не число,повторите ввод
Вы ввели не число,повторите ввод
Вы ввели не число,повторите ввод
Вы ввели не число,повторите ввод
Вы ввели не число,повторите ввод
Вы ввели не число,повторите ввод
Вы ввели не число,повторите ввод
Вы ввели не число,повторите ввод
Вы ввели не число,повторите ввод
Вы ввели не число,повторите ввод
Вы ввели не число,повторите ввод
Вы ввели не число,повторите ввод
Вы ввели не число,повторите ввод
Вы ввели не число,повторите ввод
Вы ввели не число,повторите ввод
Вы ввели не число,повторите ввод
Вы ввели не число,повторите ввод
Вы ввели не число,повторите ввод
Вы ввели не число,повторите ввод
Вы ввели не число,повторите ввод
Вы ввели не число,повторите ввод
Вы ввели не число,повторите ввод
Вы ввели не число,повторите ввод
Вы ввели не число,повторите ввод
Вы ввели не число,повторите ввод
Вы ввели не число,повторите ввод
Вы ввели не число,повторите ввод
Вы ввели не число,повторите ввод
Вы ввели не число,повторите ввод
Вы ввели не число,повторите ввод
Вы ввели не число,повторите ввод
Вы ввели не число,повторите ввод
Вы ввели не число,повторите ввод
Вы ввели не число,повторите ввод
Вы ввели не число,повторите ввод
Вы ввели не число,повторите ввод
Вы ввели не число,повторите ввод
Вы ввели не число,повторите ввод
Вы ввели не число,повторите ввод
Вы ввели не число,повторите ввод
Вы ввели не число,повторите ввод
Вы ввели не число,повторите ввод
Вы ввели не число,повторите ввод
Вы ввели не число,повторите ввод
Вы ввели не число,повторите ввод
Вы ввели не число,повторите ввод
Вы ввели не число,повторите ввод
Вы ввели не число,повторите ввод
Вы ввели не число,повторите ввод
Вы ввели не число,повторите ввод
Вы ввели не число,повторите ввод
Вы ввели не число,повторите ввод
Вы ввели не число,повторите ввод
Вы ввели не число,повторите ввод
Вы ввели не число,повторите ввод
Вы ввели не число,повторите ввод
Вы ввели не число,повторите ввод
Вы ввели не число,повторите ввод
Вы ввели не число,повторите ввод
Вы ввели не число,повторите ввод
Вы ввели не число,повторите ввод
Вы ввели не число,повторите ввод
Вы ввели не число,повторите ввод
Вы ввели не число,повторите ввод
Вы ввели не число,повторите ввод
Вы ввели не число,повторите ввод
Вы ввели не число,повторите ввод
Вы ввели не число,повторите ввод
Вы ввели не число,повторите ввод
Вы ввели не число,повторите ввод
Вы ввели не число,повторите ввод
Вы ввели не число,повторите ввод
Вы ввели не число,повторите ввод
Вы ввели не число,повторите ввод
Вы ввели не число,повторите ввод
Вы ввели не число,повторите ввод
Вы ввели не число,повторите ввод
Вы ввели не число,повторите ввод
Вы ввели не число,повторите ввод
Вы ввели не число,повторите ввод
Вы ввели не число,повторите ввод
Вы ввели не число,повторите ввод
Вы ввели не число,повторите ввод
Вы ввели не число,повторите ввод
Вы ввели не число,повторите ввод
Вы ввели не число,повторите ввод
Вы ввели не число,повторите ввод
Вы ввели не число,повторите ввод
Вы ввели не число,повторите ввод
Вы ввели не число,повторите ввод
Вы ввели не число,повторите ввод
Вы ввели не число,повторите ввод
Вы ввели не число,повторите ввод
Вы ввели не число,повторите ввод
Вы ввели не число,повторите ввод
Вы ввели не число,повторите ввод
Вы ввели не число,повторите ввод
Вы ввели не число,повторите ввод
Вы ввели не число,повторите ввод
Вы ввели не число,повторите ввод
Вы ввели не число,повторите ввод
Вы ввели не число,повторите ввод
Вы ввели не число,повторите ввод
Вы ввели не число,повторите ввод
Вы ввели не число,повторите ввод
Вы ввели не число,повторите ввод
Вы ввели не число,повторите ввод
Вы ввели не число,повторите ввод
Вы ввели не число,повторите ввод
Вы ввели не число,повторите ввод
Вы ввели не число,повторите ввод
Вы ввели не число,повторите ввод
Вы ввели не число,повторите ввод
Вы ввели не число,повторите ввод
Вы ввели не число,повторите ввод
Вы ввели не число,повторите ввод
Вы ввели не число,повторите ввод
Вы ввели не число,повторите ввод
Вы ввели не число,повторите ввод
Вы ввели не число,повторите ввод
Вы ввели не число,повторите ввод
Вы ввели не число,повторите ввод
Вы ввели не число,повторите ввод
Вы ввели не число,повторите ввод
Вы ввели не число,повторите ввод
Вы ввели не число,повторите ввод
Вы ввели не число,повторите ввод
Вы ввели не число,повторите ввод
Вы ввели не число,повторите ввод
Вы ввели не число,повторите ввод
Вы ввели не число,повторите ввод
Вы ввели не число,повторите ввод
Вы ввели не число,повторите ввод
Вы ввели не число,повторите ввод
Вы ввели не число,повторите ввод
Вы ввели не число,повторите ввод
Вы ввели не число,повторите ввод
Вы ввели не число,повторите ввод
Вы ввели не число,повторите ввод
Вы ввели не число,повторите ввод
Вы ввели не число,повторите ввод
Вы ввели не число,повторите ввод
Вы ввели не число,повторите ввод
Вы ввели не число,повторите ввод
Вы ввели не число,повторите ввод
Вы ввели не число,повторите ввод
Вы ввели не число,повторите ввод
Вы ввели не число,повторите ввод
Вы ввели не число,повторите ввод
Вы ввели не число,повторите ввод
Вы ввели не число,повторите ввод
Вы ввели не число,повторите ввод
Вы ввели не число,повторите ввод
Вы ввели не число,повторите ввод
Вы ввели не число,повторите ввод
Вы ввели не число,повторите ввод
Вы ввели не число,повторите ввод
Вы ввели не число,повторите ввод
Вы ввели не число,повторите ввод
Вы ввели не число,повторите ввод
Вы ввели не число,повторите ввод
Вы ввели не число,повторите ввод
Вы ввели не число,повторите ввод
Вы ввели не число,повторите ввод
Вы ввели не число,повторите ввод
Вы ввели не число,повторите ввод
Вы ввели не число,повторите ввод
Вы ввели не число,повторите ввод
Вы ввели не число,повторите ввод
Вы ввели не число,повторите ввод
Вы ввели не число,повторите ввод
Вы ввели не число,повторите ввод
Вы ввели не число,повторите ввод
Вы ввели не число,повторите ввод
Вы ввели не число,повторите ввод
Вы ввели не число,повторите ввод
Вы ввели не число,повторите ввод
Вы ввели не число,повторите ввод
Вы ввели не число,повторите ввод
Вы ввели не число,повторите ввод
Вы ввели не число,повторите ввод
Вы ввели не число,повторите ввод
Вы ввели не число,повторите ввод
Вы ввели не число,повторите ввод
Вы ввели не число,повторите ввод
Вы ввели не число,повторите ввод
Вы ввели не число,повторите ввод
Вы ввели не число,повторите ввод
Вы ввели не число,повторите ввод
Вы ввели не число,повторите ввод
Вы ввели не число,повторите ввод
Вы ввели не число,повторите ввод
Вы ввели не число,повторите ввод
Вы ввели не число,повторите ввод
Вы ввели не число,повторите ввод
Вы ввели не число,повторите ввод
Вы ввели не число,повторите ввод
Вы ввели не число,повторите ввод
Вы ввели не число,повторите ввод
Вы ввели не число,повторите ввод
Вы ввели не число,повторите ввод
Вы ввели не число,повторите ввод
Вы ввели не число,повторите ввод
Вы ввели не число,повторите ввод
Вы ввели не число,повторите ввод
Вы ввели не число,повторите ввод
Вы ввели не число,повторите ввод
Вы ввели не число,повторите ввод
Вы ввели не число,повторите ввод
Вы ввели не число,повторите ввод
Вы ввели не число,повторите ввод
Вы ввели не число,повторите ввод
Вы ввели не число,повторите ввод
Вы ввели не число,повторите ввод
Вы ввели не число,повторите ввод
Вы ввели не число,повторите ввод
Вы ввели не число,повторите ввод
Вы ввели не число,повторите ввод
Вы ввели не число,повторите ввод
Вы ввели не число,повторите ввод
Вы ввели не число,повторите ввод
Вы ввели не число,повторите ввод
Вы ввели не число,повторите ввод
Вы ввели не число,повторите ввод
Вы ввели не число,повторите ввод
Вы ввели не число,повторите ввод
Вы ввели не число,повторите ввод
Вы ввели не число,повторите ввод
Вы ввели не число,повторите ввод
Вы ввели не число,повторите ввод
Вы ввели не число,повторите ввод
Вы ввели не число,повторите ввод
Вы ввели не число,повторите ввод
Вы ввели не число,повторите ввод
Вы ввели не число,повторите ввод
Вы ввели не число,повторите ввод
Вы ввели не число,повторите ввод
Вы ввели не число,повторите ввод
Вы ввели не число,повторите ввод
Вы ввели не число,повторите ввод
Вы ввели не число,повторите ввод
Вы ввели не число,повторите ввод
Вы ввели не число,повторите ввод
Вы ввели не число,повторите ввод
Вы ввели не число,повторите ввод
Вы ввели не число,повторите ввод
Вы ввели не число,повторите ввод
Вы ввели не число,повторите ввод
Вы ввели не число,повторите ввод
Вы ввели не число,повторите ввод
Вы ввели не число,повторите ввод
Вы ввели не число,повторите ввод
Вы ввели не число,повторите ввод
Вы ввели не число,повторите ввод
Вы ввели не число,повторите ввод
Вы ввели не число,повторите ввод
Вы ввели не число,повторите ввод
Вы ввели не число,повторите ввод
Вы ввели не число,повторите ввод
Вы ввели не число,повторите ввод
Вы ввели не число,повторите ввод
Вы ввели не число,повторите ввод
Вы ввели не число,повторите ввод
Вы ввели не число,повторите ввод
Вы ввели не число,повторите ввод
Вы ввели не число,повторите ввод
Вы ввели не число,повторите ввод
Вы ввели не число,повторите ввод
Вы ввели не число,повторите ввод
Вы ввели не число,повторите ввод
Вы ввели не число,повторите ввод
Вы ввели не число,повторите ввод
Вы ввели не число,повторите ввод
Вы ввели не число,повторите ввод
Вы ввели не число,повторите ввод
Вы ввели не число,повторите ввод
Вы ввели не число,повторите ввод
Вы ввели не число,повторите ввод
Вы ввели не число,повторите ввод
Вы ввели не число,повторите ввод
Вы ввели не число,повторите ввод
Вы ввели не число,повторите ввод
Вы ввели не число,повторите ввод
Вы ввели не число,повторите ввод
Вы ввели не число,повторите ввод
Вы ввели не число,повторите ввод
Вы ввели не число,повторите ввод
Вы ввели не число,повторите ввод
Вы ввели не число,повторите ввод
Вы ввели не число,повторите ввод
Вы ввели не число,повторите ввод
Вы ввели не число,повторите ввод
Вы ввели не число,повторите ввод
Вы ввели не число,повторите ввод
Вы ввели не число,повторите ввод
Вы ввели не число,повторите ввод
Вы ввели не число,повторите ввод
Вы ввели не число,повторите ввод
Вы ввели не число,повторите ввод
Вы ввели не число,повторите ввод
Вы ввели не число,повторите ввод
Вы ввели не число,повторите ввод
Вы ввели не число,повторите ввод
Вы ввели не число,повторите ввод
Вы ввели не число,повторите ввод
Вы ввели не число,повторите ввод
Вы ввели не число,повторите ввод
Вы ввели не число,повторите ввод
Вы ввели не число,повторите ввод
Вы ввели не число,повторите ввод
Вы ввели не число,повторите ввод
Вы ввели не число,повторите ввод
Вы ввели не число,повторите ввод
Вы ввели не число,повторите ввод
Вы ввели не число,повторите ввод
Вы ввели не число,повторите ввод
Вы ввели не число,повторите ввод
Вы ввели не число,повторите ввод
Вы ввели не число,повторите ввод
Вы ввели не число,повторите ввод
Вы ввели не число,повторите ввод
Вы ввели не число,повторите ввод
Вы ввели не число,повторите ввод
Вы ввели не число,повторите ввод
Вы ввели не число,повторите ввод
Вы ввели не число,повторите ввод
Вы ввели не число,повторите ввод
Вы ввели не число,повторите ввод
Вы ввели не число,повторите ввод
Вы ввели не число,повторите ввод
Вы ввели не число,повторите ввод
Вы ввели не число,повторите ввод
Вы ввели не число,повторите ввод
Вы ввели не число,повторите ввод
Вы ввели не число,повторите ввод
Вы ввели не число,повторите ввод
Вы ввели не число,повторите ввод
Вы ввели не число,повторите ввод
Вы ввели не число,повторите ввод
Вы ввели не число,повторите ввод
Вы ввели не число,повторите ввод
Вы ввели не число,повторите ввод
Вы ввели не число,повторите ввод
Вы ввели не число,повторите ввод
Вы ввели не число,повторите ввод
Вы ввели не число,повторите ввод
Вы ввели не число,повторите ввод
Вы ввели не число,повторите ввод
Вы ввели не число,повторите ввод
Вы ввели не число,повторите ввод
Вы ввели не число,повторите ввод
Вы ввели не число,повторите ввод
Вы ввели не число,повторите ввод
Вы ввели не число,повторите ввод
Вы ввели не число,повторите ввод
Вы ввели не число,повторите ввод
Вы ввели не число,повторите ввод
Вы ввели не число,повторите ввод
Вы ввели не число,повторите ввод
Вы ввели не число,повторите ввод
Вы ввели не число,повторите ввод
Вы ввели не число,повторите ввод
Вы ввели не число,повторите ввод
Вы ввели не число,повторите ввод
Вы ввели не число,повторите ввод
Вы ввели не число,повторите ввод
Вы ввели не число,повторите ввод
Вы ввели не число,повторите ввод
Вы ввели не число,повторите ввод
Вы ввели не число,повторите ввод
Вы ввели не число,повторите ввод
Вы ввели не число,повторите ввод
Вы ввели не число,повторите ввод
Вы ввели не число,повторите ввод
Вы ввели не число,повторите ввод
Вы ввели не число,повторите ввод
Вы ввели не число,повторите ввод
Вы ввели не число,повторите ввод
Вы ввели не число,повторите ввод
Вы ввели не число,повторите ввод
Вы ввели не число,повторите ввод
Вы ввели не число,повторите ввод
Вы ввели не число,повторите ввод
Вы ввели не число,повторите ввод
Вы ввели не число,повторите ввод
Вы ввели не число,повторите ввод
Вы ввели не число,повторите ввод
Вы ввели не число,повторите ввод
Вы ввели не число,повторите ввод
Вы ввели не число,повторите ввод
Вы ввели не число,повторите ввод
Вы ввели не число,повторите ввод
Вы ввели не число,повторите ввод
Вы ввели не число,повторите ввод
Вы ввели не число,повторите ввод
Вы ввели не число,повторите ввод
Вы ввели не число,повторите ввод
Вы ввели не число,повторите ввод
Вы ввели не число,повторите ввод
Вы ввели не число,повторите ввод
Вы ввели не число,повторите ввод
Вы ввели не число,повторите ввод
Вы ввели не число,повторите ввод
Вы ввели не число,повторите ввод
Вы ввели не число,повторите ввод
Вы ввели не число,повторите ввод
Вы ввели не число,повторите ввод
Вы ввели не число,повторите ввод
Вы ввели не число,повторите ввод
Вы ввели не число,повторите ввод
Вы ввели не число,повторите ввод
Вы ввели не число,повторите ввод
Вы ввели не число,повторите ввод
Вы ввели не число,повторите ввод
Вы ввели не число,повторите ввод
Вы ввели не число,повторите ввод
Вы ввели не число,повторите ввод
Вы ввели не число,повторите ввод
Вы ввели не число,повторите ввод
Вы ввели не число,повторите ввод
Вы ввели не число,повторите ввод
Вы ввели не число,повторите ввод
Вы ввели не число,повторите ввод
Вы ввели не число,повторите ввод
Вы ввели не число,повторите ввод
Вы ввели не число,повторите ввод
Вы ввели не число,повторите ввод
Вы ввели не число,повторите ввод
Вы ввели не число,повторите ввод
Вы ввели не число,повторите ввод
Вы ввели не число,повторите ввод
Вы ввели не число,повторите ввод
Вы ввели не число,повторите ввод
Вы ввели не число,повторите ввод
Вы ввели не число,повторите ввод
Вы ввели не число,повторите ввод
Вы ввели не число,повторите ввод
Вы ввели не число,повторите ввод
Вы ввели не число,повторите ввод
Вы ввели не число,повторите ввод
Вы ввели не число,повторите ввод
Вы ввели не число,повторите ввод
Вы ввели не число,повторите ввод
Вы ввели не число,повторите ввод
Вы ввели не число,повторите ввод
Вы ввели не число,повторите ввод
Вы ввели не число,повторите ввод
Вы ввели не число,повторите ввод
Вы ввели не число,повторите ввод
Вы ввели не число,повторите ввод
Вы ввели не число,повторите ввод
Вы ввели не число,повторите ввод
Вы ввели не число,повторите ввод
Вы ввели не число,повторите ввод
Вы ввели не число,повторите ввод
Вы ввели не число,повторите ввод
Вы ввели не число,повторите ввод
Вы ввели не число,повторите ввод
Вы ввели не число,повторите ввод
Вы ввели не число,повторите ввод
Вы ввели не число,повторите ввод
Вы ввели не число,повторите ввод
Вы ввели не число,повторите ввод
Вы ввели не число,повторите ввод
Вы ввели не число,повторите ввод
Вы ввели не число,повторите ввод
Вы ввели не число,повторите ввод
Вы ввели не число,повторите ввод
Вы ввели не число,повторите ввод
Вы ввели не число,повторите ввод
Вы ввели не число,повторите ввод
Вы ввели не число,повторите ввод
Вы ввели не число,повторите ввод
Вы ввели не число,повторите ввод
Вы ввели не число,повторите ввод
Вы ввели не число,повторите ввод
Вы ввели не число,повторите ввод
Вы ввели не число,повторите ввод
Вы ввели не число,повторите ввод
Вы ввели не число,повторите ввод
Вы ввели не число,повторите ввод
Вы ввели не число,повторите ввод
Вы ввели не число,повторите ввод
Вы ввели не число,повторите ввод
Вы ввели не число,повторите ввод
Вы ввели не число,повторите ввод
Вы ввели не число,повторите ввод
Вы ввели не число,повторите ввод
Вы ввели не число,повторите ввод
Вы ввели не число,повторите ввод
Вы ввели не число,повторите ввод
Вы ввели не число,повторите ввод
Вы ввели не число,повторите ввод
Вы ввели не число,повторите ввод
Вы ввели не число,повторите ввод
Вы ввели не число,повторите ввод
Вы ввели не число,повторите ввод
Вы ввели не число,повторите ввод
Вы ввели не число,повторите ввод
Вы ввели не число,повторите ввод
Вы ввели не число,повторите ввод
Вы ввели не число,повторите ввод
Вы ввели не число,повторите ввод
Вы ввели не число,повторите ввод
Вы ввели не число,повторите ввод
Вы ввели не число,повторите ввод
Вы ввели не число,повторите ввод
Вы ввели не число,повторите ввод
Вы ввели не число,повторите ввод
Вы ввели не число,повторите ввод
Вы ввели не число,повторите ввод
Вы ввели не число,повторите ввод
Вы ввели не число,повторите ввод
Вы ввели не число,повторите ввод
Вы ввели не число,повторите ввод
Вы ввели не число,повторите ввод
Вы ввели не число,повторите ввод
Вы ввели не число,повторите ввод
Вы ввели не число,повторите ввод
Вы ввели не число,повторите ввод
Вы ввели не число,повторите ввод
Вы ввели не число,повторите ввод
Вы ввели не число,повторите ввод
Вы ввели не число,повторите ввод
Вы ввели не число,повторите ввод
Вы ввели не число,повторите ввод
Вы ввели не число,повторите ввод
Вы ввели не число,повторите ввод
Вы ввели не число,повторите ввод
Вы ввели не число,повторите ввод
Вы ввели не число,повторите ввод
Вы ввели не число,повторите ввод
Вы ввели не число,повторите ввод
Вы ввели не число,повторите ввод
Вы ввели не число,повторите ввод
Вы ввели не число,повторите ввод
Вы ввели не число,повторите ввод
Вы ввели не число,повторите ввод
Вы ввели не число,повторите ввод
Вы ввели не число,повторите ввод
Вы ввели не число,повторите ввод
Вы ввели не число,повторите ввод
Вы ввели не число,повторите ввод
Вы ввели не число,повторите ввод
Вы ввели не число,повторите ввод
Вы ввели не число,повторите ввод
Вы ввели не число,повторите ввод
Вы ввели не число,повторите ввод
Вы ввели не число,повторите ввод
Вы ввели не число,повторите ввод
Вы ввели не число,повторите ввод
Вы ввели не число,повторите ввод
Вы ввели не число,повторите ввод
Вы ввели не число,повторите ввод
Вы ввели не число,повторите ввод
Вы ввели не число,повторите ввод
Вы ввели не число,повторите ввод
Вы ввели не число,повторите ввод
Вы ввели не число,повторите ввод
Вы ввели не число,повторите ввод
Вы ввели не число,повторите ввод
Вы ввели не число,повторите ввод
Вы ввели не число,повторите ввод
Вы ввели не число,повторите ввод
Вы ввели не число,повторите ввод
Вы ввели не число,повторите ввод
Вы ввели не число,повторите ввод
Вы ввели не число,повторите ввод
Вы ввели не число,повторите ввод
Вы ввели не число,повторите ввод
Вы ввели не число,повторите ввод
Вы ввели не число,повторите ввод
Вы ввели не число,повторите ввод
Вы ввели не число,повторите ввод
Вы ввели не число,повторите ввод
Вы ввели не число,повторите ввод
Вы ввели не число,повторите ввод
Вы ввели не число,повторите ввод
Вы ввели не число,повторите ввод
Вы ввели не число,повторите ввод
Вы ввели не число,повторите ввод
Вы ввели не число,повторите ввод
Вы ввели не число,повторите ввод
Вы ввели не число,повторите ввод
Вы ввели не число,повторите ввод
Вы ввели не число,повторите ввод
Вы ввели не число,повторите ввод
Вы ввели не число,повторите ввод
Вы ввели не число,повторите ввод
Вы ввели не число,повторите ввод
Вы ввели не число,повторите ввод
Вы ввели не число,повторите ввод
Вы ввели не число,повторите ввод
Вы ввели не число,повторите ввод
Вы ввели не число,повторите ввод
Вы ввели не число,повторите ввод
Вы ввели не число,повторите ввод
Вы ввели не число,повторите ввод
Вы ввели не число,повторите ввод
Вы ввели не число,повторите ввод
Вы ввели не число,повторите ввод
Вы ввели не число,повторите ввод
Вы ввели не число,повторите ввод
Вы ввели не число,повторите ввод
Вы ввели не число,повторите ввод
Вы ввели не число,повторите ввод
Вы ввели не число,повторите ввод
Вы ввели не число,повторите ввод
Вы ввели не число,повторите ввод
Вы ввели не число,повторите ввод
Вы ввели не число,повторите ввод
Вы ввели не число,повторите ввод
Вы ввели не число,повторите ввод
Вы ввели не число,повторите ввод
Вы ввели не число,повторите ввод
Вы ввели не число,повторите ввод
Вы ввели не число,повторите ввод
Вы ввели не число,повторите ввод
Вы ввели не число,повторите ввод
Вы ввели не число,повторите ввод
Вы ввели не число,повторите ввод
Вы ввели не число,повторите ввод
Вы ввели не число,повторите ввод
Вы ввели не число,повторите ввод
Вы ввели не число,повторите ввод
Вы ввели не число,повторите ввод
Вы ввели не число,повторите ввод
Вы ввели не число,повторите ввод
Вы ввели не число,повторите ввод
Вы ввели не число,повторите ввод
Вы ввели не число,повторите ввод
Вы ввели не число,повторите ввод
Вы ввели не число,повторите ввод
Вы ввели не число,повторите ввод
Вы ввели не число,повторите ввод
Вы ввели не число,повторите ввод
Вы ввели не число,повторите ввод
Вы ввели не число,повторите ввод
Вы ввели не число,повторите ввод
Вы ввели не число,повторите ввод
Вы ввели не число,повторите ввод
Вы ввели не число,повторите ввод
Вы ввели не число,повторите ввод
Вы ввели не число,повторите ввод
Вы ввели не число,повторите ввод
Вы ввели не число,повторите ввод
Вы ввели не число,повторите ввод
Вы ввели не число,повторите ввод
Вы ввели не число,повторите ввод
Вы ввели не число,повторите ввод
Вы ввели не число,повторите ввод
Вы ввели не число,повторите ввод
Вы ввели не число,повторите ввод
Вы ввели не число,повторите ввод
Вы ввели не число,повторите ввод
Вы ввели не число,повторите ввод
Вы ввели не число,повторите ввод
Вы ввели не число,повторите ввод
Вы ввели не число,повторите ввод
Вы ввели не число,повторите ввод
Вы ввели не число,повторите ввод
Вы ввели не число,повторите ввод
Вы ввели не число,повторите ввод
Вы ввели не число,повторите ввод
Вы ввели не число,повторите ввод
Вы ввели не число,повторите ввод
Вы ввели не число,повторите ввод
Вы ввели не число,повторите ввод
Вы ввели не число,повторите ввод
Вы ввели не число,повторите ввод
Вы ввели не число,повторите ввод
Вы ввели не число,повторите ввод
Вы ввели не число,повторите ввод
Вы ввели не число,повторите ввод
Вы ввели не число,повторите ввод
Вы ввели не число,повторите ввод
Вы ввели не число,повторите ввод
Вы ввели не число,повторите ввод
Вы ввели не число,повторите ввод
Вы ввели не число,повторите ввод
Вы ввели не число,повторите ввод
Вы ввели не число,повторите ввод
Вы ввели не число,повторите ввод
Вы ввели не число,повторите ввод
Вы ввели не число,повторите ввод
Вы ввели не число,повторите ввод
Вы ввели не число,повторите ввод
Вы ввели не число,повторите ввод
Вы ввели не число,повторите ввод
Вы ввели не число,повторите ввод
Вы ввели не число,повторите ввод
Вы ввели не число,повторите ввод
Вы ввели не число,повторите ввод
Вы ввели не число,повторите ввод
Вы ввели не число,повторите ввод
Вы ввели не число,повторите ввод
Вы ввели не число,повторите ввод
Вы ввели не число,повторите ввод
Вы ввели не число,повторите ввод
Вы ввели не число,повторите ввод
Вы ввели не число,повторите ввод
Вы ввели не число,повторите ввод
Вы ввели не число,повторите ввод
Вы ввели не число,повторите ввод
Вы ввели не число,повторите ввод
Вы ввели не число,повторите ввод
Вы ввели не число,повторите ввод
Вы ввели не число,повторите ввод
Вы ввели не число,повторите ввод
Вы ввели не число,повторите ввод
Вы ввели не число,повторите ввод
Вы ввели не число,повторите ввод
Вы ввели не число,повторите ввод
Вы ввели не число,повторите ввод
Вы ввели не число,повторите ввод
Вы ввели не число,повторите ввод
Вы ввели не число,повторите ввод
Вы ввели не число,повторите ввод
Вы ввели не число,повторите ввод
Вы ввели не число,повторите ввод
Вы ввели не число,повторите ввод
Вы ввели не число,повторите ввод
Вы ввели не число,повторите ввод
Вы ввели не число,повторите ввод
Вы ввели не число,повторите ввод
Вы ввели не число,повторите ввод
Вы ввели не число,повторите ввод
Вы ввели не число,повторите ввод
Вы ввели не число,повторите ввод
Вы ввели не число,повторите ввод
Вы ввели не число,повторите ввод
Вы ввели не число,повторите ввод
Вы ввели не число,повторите ввод
Вы ввели не число,повторите ввод
Вы ввели не число,повторите ввод
Вы ввели не число,повторите ввод
Вы ввели не число,повторите ввод
Вы ввели не число,повторите ввод
Вы ввели не число,повторите ввод
Вы ввели не число,повторите ввод
Вы ввели не число,повторите ввод
Вы ввели не число,повторите ввод
Вы ввели не число,повторите ввод
Вы ввели не число,повторите ввод
Вы ввели не число,повторите ввод
Вы ввели не число,повторите ввод
Вы ввели не число,повторите ввод
Вы ввели не число,повторите ввод
Вы ввели не число,повторите ввод
Вы ввели не число,повторите ввод
Вы ввели не число,повторите ввод
Вы ввели не число,повторите ввод
Вы ввели не число,повторите ввод
Вы ввели не число,повторите ввод
Вы ввели не число,повторите ввод
Вы ввели не число,повторите ввод
Вы ввели не число,повторите ввод
Вы ввели не число,повторите ввод
Вы ввели не число,повторите ввод
Вы ввели не число,повторите ввод
Вы ввели не число,повторите ввод
Вы ввели не число,повторите ввод
Вы ввели не число,повторите ввод
Вы ввели не число,повторите ввод
Вы ввели не число,повторите ввод
Вы ввели не число,повторите ввод
Вы ввели не число,повторите ввод
Вы ввели не число,повторите ввод
Вы ввели не число,повторите ввод
Вы ввели не число,повторите ввод
Вы ввели не число,повторите ввод
Вы ввели не число,повторите ввод
Вы ввели не число,повторите ввод
Вы ввели не число,повторите ввод
Вы ввели не число,повторите ввод
Вы ввели не число,повторите ввод
Вы ввели не число,повторите ввод
Вы ввели не число,повторите ввод
Вы ввели не число,повторите ввод
Вы ввели не число,повторите ввод
Вы ввели не число,повторите ввод
Вы ввели не число,повторите ввод
Вы ввели не число,повторите ввод
Вы ввели не число,повторите ввод
Вы ввели не число,повторите ввод
Вы ввели не число,повторите ввод
Вы ввели не число,повторите ввод
Вы ввели не число,повторите ввод
Вы ввели не число,повторите ввод
Вы ввели не число,повторите ввод
Вы ввели не число,повторите ввод
Вы ввели не число,повторите ввод
Вы ввели не число,повторите ввод
Вы ввели не число,повторите ввод
Вы ввели не число,повторите ввод
Вы ввели не число,повторите ввод
Вы ввели не число,повторите ввод
Вы ввели не число,повторите ввод
Вы ввели не число,повторите ввод
Вы ввели не число,повторите ввод
Вы ввели не число,повторите ввод
Вы ввели не число,повторите ввод
Вы ввели не число,повторите ввод
Вы ввели не число,повторите ввод
Вы ввели не число,повторите ввод
Вы ввели не число,повторите ввод
Вы ввели не число,повторите ввод
Вы ввели не число,повторите ввод
Вы ввели не число,повторите ввод
Вы ввели не число,повторите ввод
Вы ввели не число,повторите ввод
Вы ввели не число,повторите ввод
Вы ввели не число,повторите ввод
Вы ввели не число,повторите ввод
Вы ввели не число,повторите ввод
Вы ввели не число,повторите ввод
Вы ввели не число,повторите ввод
Вы ввели не число,повторите ввод
Вы ввели не число,повторите ввод
Вы ввели не число,повторите ввод
Вы ввели не число,повторите ввод
Вы ввели не число,повторите ввод
Вы ввели не число,повторите ввод
Вы ввели не число,повторите ввод
Вы ввели не число,повторите ввод
Вы ввели не число,повторите ввод
Вы ввели не число,повторите ввод
Вы ввели не число,повторите ввод
Вы ввели не число,повторите ввод
Вы ввели не число,повторите ввод
Вы ввели не число,повторите ввод
Вы ввели не число,повторите ввод
Вы ввели не число,повторите ввод
Вы ввели не число,повторите ввод
Вы ввели не число,повторите ввод
Вы ввели не число,повторите ввод
Вы ввели не число,повторите ввод
Вы ввели не число,повторите ввод
Вы ввели не число,повторите ввод
Вы ввели не число,повторите ввод
Вы ввели не число,повторите ввод
Вы ввели не число,повторите ввод
Вы ввели не число,повторите ввод
Вы ввели не число,повторите ввод
Вы ввели не число,повторите ввод
Вы ввели не число,повторите ввод
Вы ввели не число,повторите ввод
Вы ввели не число,повторите ввод
Вы ввели не число,повторите ввод
Вы ввели не число,повторите ввод
Вы ввели не число,повторите ввод
Вы ввели не число,повторите ввод
Вы ввели не число,повторите ввод
Вы ввели не число,повторите ввод
Вы ввели не число,повторите ввод
Вы ввели не число,повторите ввод
Вы ввели не число,повторите ввод
Вы ввели не число,повторите ввод
Вы ввели не число,повторите ввод
Вы ввели не число,повторите ввод
Вы ввели не число,повторите ввод
Вы ввели не число,повторите ввод
Вы ввели не число,повторите ввод
Вы ввели не число,повторите ввод
Вы ввели не число,повторите ввод
Вы ввели не число,повторите ввод
Вы ввели не число,повторите ввод
Вы ввели не число,повторите ввод
Вы ввели не число,повторите ввод
Вы ввели не число,повторите ввод
Вы ввели не число,повторите ввод
Вы ввели не число,повторите ввод
Вы ввели не число,повторите ввод
Вы ввели не число,повторите ввод
Вы ввели не число,повторите ввод
Вы ввели не число,повторите ввод
Вы ввели не число,повторите ввод
Вы ввели не число,повторите ввод
Вы ввели не число,повторите ввод
Вы ввели не число,повторите ввод
Вы ввели не число,повторите ввод
Вы ввели не число,повторите ввод
Вы ввели не число,повторите ввод
Вы ввели не число,повторите ввод
Вы ввели не число,повторите ввод
Вы ввели не число,повторите ввод
Вы ввели не число,повторите ввод
Вы ввели не число,повторите ввод
Вы ввели не число,повторите ввод
Вы ввели не число,повторите ввод
Вы ввели не число,повторите ввод
Вы ввели не число,повторите ввод
Вы ввели не число,повторите ввод
Вы ввели не число,повторите ввод
Вы ввели не число,повторите ввод
Вы ввели не число,повторите ввод
Вы ввели не число,повторите ввод
Вы ввели не число,повторите ввод
Вы ввели не число,повторите ввод
Вы ввели не число,повторите ввод
Вы ввели не число,повторите ввод
Вы ввели не число,повторите ввод
Вы ввели не число,повторите ввод
Вы ввели не число,повторите ввод
Вы ввели не число,повторите ввод
Вы ввели не число,повторите ввод
Вы ввели не число,повторите ввод
Вы ввели не число,повторите ввод
Вы ввели не число,повторите ввод
Вы ввели не число,повторите ввод
Вы ввели не число,повторите ввод
Вы ввели не число,повторите ввод
Вы ввели не число,повторите ввод
Вы ввели не число,повторите ввод
Вы ввели не число,повторите ввод
Вы ввели не число,повторите ввод
Вы ввели не число,повторите ввод
Вы ввели не число,повторите ввод
Вы ввели не число,повторите ввод
Вы ввели не число,повторите ввод
Вы ввели не число,повторите ввод
Вы ввели не число,повторите ввод
Вы ввели не число,повторите ввод
Вы ввели не число,повторите ввод
Вы ввели не число,повторите ввод
Вы ввели не число,повторите ввод
Вы ввели не число,повторите ввод
Вы ввели не число,повторите ввод
Вы ввели не число,повторите ввод
Вы ввели не число,повторите ввод
Вы ввели не число,повторите ввод
Вы ввели не число,повторите ввод
Вы ввели не число,повторите ввод
Вы ввели не число,повторите ввод
Вы ввели не число,повторите ввод
Вы ввели не число,повторите ввод
Вы ввели не число,повторите ввод
Вы ввели не число,повторите ввод
Вы ввели не число,повторите ввод
Вы ввели не число,повторите ввод
Вы ввели не число,повторите ввод
Вы ввели не число,повторите ввод
Вы ввели не число,повторите ввод
Вы ввели не число,повторите ввод
Вы ввели не число,повторите ввод
Вы ввели не число,повторите ввод
Вы ввели не число,повторите ввод
Вы ввели не число,повторите ввод
Вы ввели не число,повторите ввод
Вы ввели не число,повторите ввод
Вы ввели не число,повторите ввод
Вы ввели не число,повторите ввод
Вы ввели не число,повторите ввод
Вы ввели не число,повторите ввод
Вы ввели не число,повторите ввод
Вы ввели не число,повторите ввод
Вы ввели не число,повторите ввод
Вы ввели не число,повторите ввод
Вы ввели не число,повторите ввод
Вы ввели не число,повторите ввод
Вы ввели не число,повторите ввод
Вы ввели не число,повторите ввод
Вы ввели не число,повторите ввод
Вы ввели не число,повторите ввод
Вы ввели не число,повторите ввод
Вы ввели не число,повторите ввод
Вы ввели не число,повторите ввод
Вы ввели не число,повторите ввод
Вы ввели не число,повторите ввод
Вы ввели не число,повторите ввод
Вы ввели не число,повторите ввод
Вы ввели не число,повторите ввод
Вы ввели не число,повторите ввод
Вы ввели не число,повторите ввод
Вы ввели не число,повторите ввод
Вы ввели не число,повторите ввод
Вы ввели не число,повторите ввод
Вы ввели не число,повторите ввод
Вы ввели не число,повторите ввод
Вы ввели не число,повторите ввод
Вы ввели не число,повторите ввод
Вы ввели не число,повторите ввод
Вы ввели не число,повторите ввод
Вы ввели не число,повторите ввод
Вы ввели не число,повторите ввод
Вы ввели не число,повторите ввод
Вы ввели не число,повторите ввод
Вы ввели не число,повторите ввод
Вы ввели не число,повторите ввод
Вы ввели не число,повторите ввод
Вы ввели не число,повторите ввод
Вы ввели не число,повторите ввод
Вы ввели не число,повторите ввод
Вы ввели не число,повторите ввод
Вы ввели не число,повторите ввод
Вы ввели не число,повторите ввод
Вы ввели не число,повторите ввод
Вы ввели не число,повторите ввод
Вы ввели не число,повторите ввод
Вы ввели не число,повторите ввод
Вы ввели не число,повторите ввод
Вы ввели не число,повторите ввод
Вы ввели не число,повторите ввод
Вы ввели не число,повторите ввод
Вы ввели не число,повторите ввод
Вы ввели не число,повторите ввод
Вы ввели не число,повторите ввод
Вы ввели не число,повторите ввод
Вы ввели не число,повторите ввод
Вы ввели не число,повторите ввод
Вы ввели не число,повторите ввод
Вы ввели не число,повторите ввод
Вы ввели не число,повторите ввод
Вы ввели не число,повторите ввод
Вы ввели не число,повторите ввод
Вы ввели не число,повторите ввод
Вы ввели не число,повторите ввод
Вы ввели не число,повторите ввод
Вы ввели не число,повторите ввод
Вы ввели не число,повторите ввод
Вы ввели не число,повторите ввод
Вы ввели не число,повторите ввод
Вы ввели не число,повторите ввод
Вы ввели не число,повторите ввод
Вы ввели не число,повторите ввод
Вы ввели не число,повторите ввод
Вы ввели не число,повторите ввод
Вы ввели не число,повторите ввод
Вы ввели не число,повторите ввод
Вы ввели не число,повторите ввод
Вы ввели не число,повторите ввод
Вы ввели не число,повторите ввод
Вы ввели не число,повторите ввод
Вы ввели не число,повторите ввод
Вы ввели не число,повторите ввод
Вы ввели не число,повторите ввод
Вы ввели не число,повторите ввод
Вы ввели не число,повторите ввод
Вы ввели не число,повторите ввод
Вы ввели не число,повторите ввод
Вы ввели не число,повторите ввод
Вы ввели не число,повторите ввод
Вы ввели не число,повторите ввод
Вы ввели не число,повторите ввод
Вы ввели не число,повторите ввод
Вы ввели не число,повторите ввод
Вы ввели не число,повторите ввод
Вы ввели не число,повторите ввод
Вы ввели не число,повторите ввод
Вы ввели не число,повторите ввод
Вы ввели не число,повторите ввод
Вы ввели не число,повторите ввод
Вы ввели не число,повторите ввод
Вы ввели не число,повторите ввод
Вы ввели не число,повторите ввод
Вы ввели не число,повторите ввод
Вы ввели не число,повторите ввод
Вы ввели не число,повторите ввод
Вы ввели не число,повторите ввод
Вы ввели не число,повторите ввод
Вы ввели не число,повторите ввод
Вы ввели не число,повторите ввод
Вы ввели не число,повторите ввод
Вы ввели не число,повторите ввод
Вы ввели не число,повторите ввод
Вы ввели не число,повторите ввод
Вы ввели не число,повторите ввод
Вы ввели не число,повторите ввод
Вы ввели не число,повторите ввод
Вы ввели не число,повторите ввод
Вы ввели не число,повторите ввод
Вы ввели не число,повторите ввод
Вы ввели не число,повторите ввод
Вы ввели не число,повторите ввод
Вы ввели не число,повторите ввод
Вы ввели не число,повторите ввод
Вы ввели не число,повторите ввод
Вы ввели не число,повторите ввод
Вы ввели не число,повторите ввод
Вы ввели не число,повторите ввод
Вы ввели не число,повторите ввод
Вы ввели не число,повторите ввод
Вы ввели не число,повторите ввод
Вы ввели не число,повторите ввод
Вы ввели не число,повторите ввод
Вы ввели не число,повторите ввод
Вы ввели не число,повторите ввод
Вы ввели не число,повторите ввод
Вы ввели не число,повторите ввод
Вы ввели не число,повторите ввод
Вы ввели не число,повторите ввод
Вы ввели не число,повторите ввод
Вы ввели не число,повторите ввод
Вы ввели не число,повторите ввод
Вы ввели не число,повторите ввод
Вы ввели не число,повторите ввод
Вы ввели не число,повторите ввод
Вы ввели не число,повторите ввод
Вы ввели не число,повторите ввод
Вы ввели не число,повторите ввод
Вы ввели не число,повторите ввод
Вы ввели не число,повторите ввод
Вы ввели не число,повторите ввод
Вы ввели не число,повторите ввод
Вы ввели не число,повторите ввод
Вы ввели не число,повторите ввод
Вы ввели не число,повторите ввод
Вы ввели не число,повторите ввод
Вы ввели не число,повторите ввод
Вы ввели не число,повторите ввод
Вы ввели не число,повторите ввод
Вы ввели не число,повторите ввод
Вы ввели не число,повторите ввод
Вы ввели не число,повторите ввод
Вы ввели не число,повторите ввод
Вы ввели не число,повторите ввод
Вы ввели не число,повторите ввод
Вы ввели не число,повторите ввод
Вы ввели не число,повторите ввод
Вы ввели не число,повторите ввод
Вы ввели не число,повторите ввод
Вы ввели не число,повторите ввод
Вы ввели не число,повторите ввод
Вы ввели не число,повторите ввод
Вы ввели не число,повторите ввод
Вы ввели не число,повторите ввод
Вы ввели не число,повторите ввод
Вы ввели не число,повторите ввод
Вы ввели не число,повторите ввод
Вы ввели не число,повторите ввод
Вы ввели не число,повторите ввод
Вы ввели не число,повторите ввод
Вы ввели не число,повторите ввод
Вы ввели не число,повторите ввод
Вы ввели не число,повторите ввод
Вы ввели не число,повторите ввод
Вы ввели не число,повторите ввод
Вы ввели не число,повторите ввод
Вы ввели не число,повторите ввод
Вы ввели не число,повторите ввод
Вы ввели не число,повторите ввод
Вы ввели не число,повторите ввод
Вы ввели не число,повторите ввод
Вы ввели не число,повторите ввод
Вы ввели не число,повторите ввод
Вы ввели не число,повторите ввод
Вы ввели не число,повторите ввод
Вы ввели не число,повторите ввод
Вы ввели не число,повторите ввод
Вы ввели не число,повторите ввод
Вы ввели не число,повторите ввод
Вы ввели не число,повторите ввод
Вы ввели не число,повторите ввод
Вы ввели не число,повторите ввод
Вы ввели не число,повторите ввод
Вы ввели не число,повторите ввод
Вы ввели не число,повторите ввод
Вы ввели не число,повторите ввод
Вы ввели не число,повторите ввод
Вы ввели не число,повторите ввод
Вы ввели не число,повторите ввод
Вы ввели не число,повторите ввод
Вы ввели не число,повторите ввод
Вы ввели не число,повторите ввод
Вы ввели не число,повторите ввод
Вы ввели не число,повторите ввод
Вы ввели не число,повторите ввод
Вы ввели не число,повторите ввод
Вы ввели не число,повторите ввод
Вы ввели не число,повторите ввод
Вы ввели не число,повторите ввод
Вы ввели не число,повторите ввод
Вы ввели не число,повторите ввод
Вы ввели не число,повторите ввод
Вы ввели не число,повторите ввод
Вы ввели не число,повторите ввод
Вы ввели не число,повторите ввод
Вы ввели не число,повторите ввод
Вы ввели не число,повторите ввод
Вы ввели не число,повторите ввод
Вы ввели не число,повторите ввод
Вы ввели не число,повторите ввод
Вы ввели не число,повторите ввод
Вы ввели не число,повторите ввод
Вы ввели не число,повторите ввод
Вы ввели не число,повторите ввод
Вы ввели не число,повторите ввод
Вы ввели не число,повторите ввод
Вы ввели не число,повторите ввод
Вы ввели не число,повторите ввод
Вы ввели не число,повторите ввод
Вы ввели не число,повторите ввод
Вы ввели не число,повторите ввод
Вы ввели не число,повторите ввод
Вы ввели не число,повторите ввод
Вы ввели не число,повторите ввод
Вы ввели не число,повторите ввод
Вы ввели не число,повторите ввод
Вы ввели не число,повторите ввод
Вы ввели не число,повторите ввод
Вы ввели не число,повторите ввод
Вы ввели не число,повторите ввод
Вы ввели не число,повторите ввод
Вы ввели не число,повторите ввод
Вы ввели не число,повторите ввод
Вы ввели не число,повторите ввод
Вы ввели не число,повторите ввод
Вы ввели не число,повторите ввод
Вы ввели не число,повторите ввод
Вы ввели не число,повторите ввод
Вы ввели не число,повторите ввод
Вы ввели не число,повторите ввод
Вы ввели не число,повторите ввод
Вы ввели не число,повторите ввод
Вы ввели не число,повторите ввод
Вы ввели не число,повторите ввод
Вы ввели не число,повторите ввод
Вы ввели не число,повторите ввод
Вы ввели не число,повторите ввод
Вы ввели не число,повторите ввод
Вы ввели не число,повторите ввод
Вы ввели не число,повторите ввод
Вы ввели не число,повторите ввод
Вы ввели не число,повторите ввод
Вы ввели не число,повторите ввод
Вы ввели не число,повторите ввод
Вы ввели не число,повторите ввод
Вы ввели не число,повторите ввод
Вы ввели не число,повторите ввод
Вы ввели не число,повторите ввод
Вы ввели не число,повторите ввод
Вы ввели не число,повторите ввод
Вы ввели не число,повторите ввод
Вы ввели не число,повторите ввод
Вы ввели не число,повторите ввод
Вы ввели не число,повторите ввод
Вы ввели не число,повторите ввод
Вы ввели не число,повторите ввод
Вы ввели не число,повторите ввод
Вы ввели не число,повторите ввод
Вы ввели не число,повторите ввод
Вы ввели не число,повторите ввод
Вы ввели не число,повторите ввод
Вы ввели не число,повторите ввод
Вы ввели не число,повторите ввод
Вы ввели не число,повторите ввод
Вы ввели не число,повторите ввод
Вы ввели не число,повторите ввод
Вы ввели не число,повторите ввод
Вы ввели не число,повторите ввод
Вы ввели не число,повторите ввод
Вы ввели не число,повторите ввод
Вы ввели не число,повторите ввод
Вы ввели не число,повторите ввод
Вы ввели не число,повторите ввод
Вы ввели не число,повторите ввод
Вы ввели не число,повторите ввод
Вы ввели не число,повторите ввод
Вы ввели не число,повторите ввод
Вы ввели не число,повторите ввод
Вы ввели не число,повторите ввод
Вы ввели не число,повторите ввод
Вы ввели не число,повторите ввод
Вы ввели не число,повторите ввод
Вы ввели не число,повторите ввод
Вы ввели не число,повторите ввод
Вы ввели не число,повторите ввод
Вы ввели не число,повторите ввод
Вы ввели не число,повторите ввод
Вы ввели не число,повторите ввод
Вы ввели не число,повторите ввод
Вы ввели не число,повторите ввод
Вы ввели не число,повторите ввод
Вы ввели не число,повторите ввод
Вы ввели не число,повторите ввод
Вы ввели не число,повторите ввод
Вы ввели не число,повторите ввод
Вы ввели не число,повторите ввод
Вы ввели не число,повторите ввод
Вы ввели не число,повторите ввод
Вы ввели не число,повторите ввод
Вы ввели не число,повторите ввод
Вы ввели не число,повторите ввод
Вы ввели не число,повторите ввод
Вы ввели не число,повторите ввод
Вы ввели не число,повторите ввод
Вы ввели не число,повторите ввод
Вы ввели не число,повторите ввод
Вы ввели не число,повторите ввод
Вы ввели не число,повторите ввод
Вы ввели не число,повторите ввод
Вы ввели не число,повторите ввод
Вы ввели не число,повторите ввод
Вы ввели не число,повторите ввод
Вы ввели не число,повторите ввод
Вы ввели не число,повторите ввод
Вы ввели не число,повторите ввод
Вы ввели не число,повторите ввод
Вы ввели не число,повторите ввод
Вы ввели не число,повторите ввод
Вы ввели не число,повторите ввод
Вы ввели не число,повторите ввод
Вы ввели не число,повторите ввод
Вы ввели не число,повторите ввод
Вы ввели не число,повторите ввод
Вы ввели не число,повторите ввод
Вы ввели не число,повторите ввод
Вы ввели не число,повторите ввод
Вы ввели не число,повторите ввод
Вы ввели не число,повторите ввод
Вы ввели не число,повторите ввод
Вы ввели не число,повторите ввод
Вы ввели не число,повторите ввод
Вы ввели не число,повторите ввод
Вы ввели не число,повторите ввод
Вы ввели не число,повторите ввод
Вы ввели не число,повторите ввод
Вы ввели не число,повторите ввод
Вы ввели не число,повторите ввод
Вы ввели не число,повторите ввод
Вы ввели не число,повторите ввод
Вы ввели не число,повторите ввод
Вы ввели не число,повторите ввод
Вы ввели не число,повторите ввод
Вы ввели не число,повторите ввод
Вы ввели не число,повторите ввод
Вы ввели не число,повторите ввод
Вы ввели не число,повторите ввод
Вы ввели не число,повторите ввод
Вы ввели не число,повторите ввод
Вы ввели не число,повторите ввод
Вы ввели не число,повторите ввод
Вы ввели не число,повторите ввод
Вы ввели не число,повторите ввод
Вы ввели не число,повторите ввод
Вы ввели не число,повторите ввод
Вы ввели не число,повторите ввод
Вы ввели не число,повторите ввод
Вы ввели не число,повторите ввод
Вы ввели не число,повторите ввод
Вы ввели не число,повторите ввод
Вы ввели не число,повторите ввод
Вы ввели не число,повторите ввод
Вы ввели не число,повторите ввод
Вы ввели не число,повторите ввод
Вы ввели не число,повторите ввод
Вы ввели не число,повторите ввод
Вы ввели не число,повторите ввод
Вы ввели не число,повторите ввод
Вы ввели не число,повторите ввод
Вы ввели не число,повторите ввод
Вы ввели не число,повторите ввод
Вы ввели не число,повторите ввод
Вы ввели не число,повторите ввод
Вы ввели не число,повторите ввод
Вы ввели не число,повторите ввод
Вы ввели не число,повторите ввод
Вы ввели не число,повторите ввод
Вы ввели не число,повторите ввод
Вы ввели не число,повторите ввод
Вы ввели не число,повторите ввод
Вы ввели не число,повторите ввод
Вы ввели не число,повторите ввод
Вы ввели не число,повторите ввод
Вы ввели не число,повторите ввод
Вы ввели не число,повторите ввод
Вы ввели не число,повторите ввод
Вы ввели не число,повторите ввод
Вы ввели не число,повторите ввод
Вы ввели не число,повторите ввод
Вы ввели не число,повторите ввод
Вы ввели не число,повторите ввод
Вы ввели не число,повторите ввод
Вы ввели не число,повторите ввод
Вы ввели не число,повторите ввод
Вы ввели не число,повторите ввод
Вы ввели не число,повторите ввод
Вы ввели не число,повторите ввод
Вы ввели не число,повторите ввод
Вы ввели не число,повторите ввод
Вы ввели не число,повторите ввод
Вы ввели не число,повторите ввод
Вы ввели не число,повторите ввод
Вы ввели не число,повторите ввод
Вы ввели не число,повторите ввод
Вы ввели не число,повторите ввод
Вы ввели не число,повторите ввод
Вы ввели не число,повторите ввод
Вы ввели не число,повторите ввод
Вы ввели не число,повторите ввод
Вы ввели не число,повторите ввод
Вы ввели не число,повторите ввод
Вы ввели не число,повторите ввод
Вы ввели не число,повторите ввод
Вы ввели не число,повторите ввод
Вы ввели не число,повторите ввод
Вы ввели не число,повторите ввод
Вы ввели не число,повторите ввод
Вы ввели не число,повторите ввод
Вы ввели не число,повторите ввод
Вы ввели не число,повторите ввод
Вы ввели не число,повторите ввод
Вы ввели не число,повторите ввод
Вы ввели не число,повторите ввод
Вы ввели не число,повторите ввод
Вы ввели не число,повторите ввод
Вы ввели не число,повторите ввод
Вы ввели не число,повторите ввод
Вы ввели не число,повторите ввод
Вы ввели не число,повторите ввод
Вы ввели не число,повторите ввод
Вы ввели не число,повторите ввод
Вы ввели не число,повторите ввод
Вы ввели не число,повторите ввод
Вы ввели не число,повторите ввод
Вы ввели не число,повторите ввод
Вы ввели не число,повторите ввод
Вы ввели не число,повторите ввод
Вы ввели не число,повторите ввод
Вы ввели не число,повторите ввод
Вы ввели не число,повторите ввод
Вы ввели не число,повторите ввод
Вы ввели не число,повторите ввод
Вы ввели не число,повторите ввод
Вы ввели не число,повторите ввод
Вы ввели не число,повторите ввод
Вы ввели не число,повторите ввод
Вы ввели не число,повторите ввод
Вы ввели не число,повторите ввод
Вы ввели не число,повторите ввод
Вы ввели не число,повторите ввод
Вы ввели не число,повторите ввод
Вы ввели не число,повторите ввод
Вы ввели не число,повторите ввод
Вы ввели не число,повторите ввод
Вы ввели не число,повторите ввод
Вы ввели не число,повторите ввод
Вы ввели не число,повторите ввод
Вы ввели не число,повторите ввод
Вы ввели не число,повторите ввод
Вы ввели не число,повторите ввод
Вы ввели не число,повторите ввод
Вы ввели не число,повторите ввод
Вы ввели не число,повторите ввод
Вы ввели не число,повторите ввод
Вы ввели не число,повторите ввод
Вы ввели не число,повторите ввод
Вы ввели не число,повторите ввод
Вы ввели не число,повторите ввод
Вы ввели не число,повторите ввод
Вы ввели не число,повторите ввод
Вы ввели не число,повторите ввод
Вы ввели не число,повторите ввод
Вы ввели не число,повторите ввод
Вы ввели не число,повторите ввод
Вы ввели не число,повторите ввод
Вы ввели не число,повторите ввод
Вы ввели не число,повторите ввод
Вы ввели не число,повторите ввод
Вы ввели не число,повторите ввод
Вы ввели не число,повторите ввод
Вы ввели не число,повторите ввод
Вы ввели не число,повторите ввод
Вы ввели не число,повторите ввод
Вы ввели не число,повторите ввод
Вы ввели не число,повторите ввод
Вы ввели не число,повторите ввод
Вы ввели не число,повторите ввод
Вы ввели не число,повторите ввод
Вы ввели не число,повторите ввод
Вы ввели не число,повторите ввод
Вы ввели не число,повторите ввод
Вы ввели не число,повторите ввод
Вы ввели не число,повторите ввод
Вы ввели не число,повторите ввод
Вы ввели не число,повторите ввод
Вы ввели не число,повторите ввод
Вы ввели не число,повторите ввод
Вы ввели не число,повторите ввод
Вы ввели не число,повторите ввод
Вы ввели не число,повторите ввод
Вы ввели не число,повторите ввод
Вы ввели не число,повторите ввод
Вы ввели не число,повторите ввод
Вы ввели не число,повторите ввод
Вы ввели не число,повторите ввод
Вы ввели не число,повторите ввод
Вы ввели не число,повторите ввод
Вы ввели не число,повторите ввод
Вы ввели не число,повторите ввод
Вы ввели не число,повторите ввод
Вы ввели не число,повторите ввод
Вы ввели не число,повторите ввод
Вы ввели не число,повторите ввод
Вы ввели не число,повторите ввод
Вы ввели не число,повторите ввод
Вы ввели не число,повторите ввод
Вы ввели не число,повторите ввод
Вы ввели не число,повторите ввод
Вы ввели не число,повторите ввод
Вы ввели не число,повторите ввод
Вы ввели не число,повторите ввод
Вы ввели не число,повторите ввод
Вы ввели не число,повторите ввод
Вы ввели не число,повторите ввод
Вы ввели не число,повторите ввод
Вы ввели не число,повторите ввод
Вы ввели не число,повторите ввод
Вы ввели не число,повторите ввод
Вы ввели не число,повторите ввод
Вы ввели не число,повторите ввод
Вы ввели не число,повторите ввод
Вы ввели не число,повторите ввод
Вы ввели не число,повторите ввод
Вы ввели не число,повторите ввод
Вы ввели не число,повторите ввод
Вы ввели не число,повторите ввод
Вы ввели не число,повторите ввод
Вы ввели не число,повторите ввод
Вы ввели не число,повторите ввод
Вы ввели не число,повторите ввод
Вы ввели не число,повторите ввод
Вы ввели не число,повторите ввод
Вы ввели не число,повторите ввод
Вы ввели не число,повторите ввод
Вы ввели не число,повторите ввод
Вы ввели не число,повторите ввод
Вы ввели не число,повторите ввод
Вы ввели не число,повторите ввод
Вы ввели не число,повторите ввод
Вы ввели не число,повторите ввод
Вы ввели не число,повторите ввод
Вы ввели не число,повторите ввод
Вы ввели не число,повторите ввод
Вы ввели не число,повторите ввод
Вы ввели не число,повторите ввод
Вы ввели не число,повторите ввод
Вы ввели не число,повторите ввод
Вы ввели не число,повторите ввод
Вы ввели не число,повторите ввод
Вы ввели не число,повторите ввод
Вы ввели не число,повторите ввод
Вы ввели не число,повторите ввод
Вы ввели не число,повторите ввод
Вы ввели не число,повторите ввод
Вы ввели не число,повторите ввод
Вы ввели не число,повторите ввод
Вы ввели не число,повторите ввод
Вы ввели не число,повторите ввод
Вы ввели не число,повторите ввод
Вы ввели не число,повторите ввод
Вы ввели не число,повторите ввод
Вы ввели не число,повторите ввод
Вы ввели не число,повторите ввод
Вы ввели не число,повторите ввод
Вы ввели не число,повторите ввод
Вы ввели не число,повторите ввод
Вы ввели не число,повторите ввод
Вы ввели не число,повторите ввод
Вы ввели не число,повторите ввод
Вы ввели не число,повторите ввод
Вы ввели не число,повторите ввод
Вы ввели не число,повторите ввод
Вы ввели не число,повторите ввод
Вы ввели не число,повторите ввод
Вы ввели не число,повторите ввод
Вы ввели не число,повторите ввод
Вы ввели не число,повторите ввод
Вы ввели не число,повторите ввод
Вы ввели не число,повторите ввод
Вы ввели не число,повторите ввод
Вы ввели не число,повторите ввод
Вы ввели не число,повторите ввод
Вы ввели не число,повторите ввод
Вы ввели не число,повторите ввод
Вы ввели не число,повторите ввод
Вы ввели не число,повторите ввод
Вы ввели не число,повторите ввод
Вы ввели не число,повторите ввод
Вы ввели не число,повторите ввод
Вы ввели не число,повторите ввод
Вы ввели не число,повторите ввод
Вы ввели не число,повторите ввод
Вы ввели не число,повторите ввод
Вы ввели не число,повторите ввод
Вы ввели не число,повторите ввод
Вы ввели не число,повторите ввод
Вы ввели не число,повторите ввод
Вы ввели не число,повторите ввод
Вы ввели не число,повторите ввод
Вы ввели не число,повторите ввод
Вы ввели не число,повторите ввод
Вы ввели не число,повторите ввод
Вы ввели не число,повторите ввод
Вы ввели не число,повторите ввод
Вы ввели не число,повторите ввод
Вы ввели не число,повторите ввод
Вы ввели не число,повторите ввод
Вы ввели не число,повторите ввод
Вы ввели не число,повторите ввод
Вы ввели не число,повторите ввод
Вы ввели не число,повторите ввод
Вы ввели не число,повторите ввод
Вы ввели не число,повторите ввод
Вы ввели не число,повторите ввод
Вы ввели не число,повторите ввод
Вы ввели не число,повторите ввод
Вы ввели не число,повторите ввод
Вы ввели не число,повторите ввод
Вы ввели не число,повторите ввод
Вы ввели не число,повторите ввод
Вы ввели не число,повторите ввод
Вы ввели не число,повторите ввод
Вы ввели не число,повторите ввод
Вы ввели не число,повторите ввод
Вы ввели не число,повторите ввод
Вы ввели не число,повторите ввод
Вы ввели не число,повторите ввод
Вы ввели не число,повторите ввод
Вы ввели не число,повторите ввод
Вы ввели не число,повторите ввод
Вы ввели не число,повторите ввод
Вы ввели не число,повторите ввод
Вы ввели не число,повторите ввод
Вы ввели не число,повторите ввод
Вы ввели не число,повторите ввод
Вы ввели не число,повторите ввод
Вы ввели не число,повторите ввод
Вы ввели не число,повторите ввод
Вы ввели не число,повторите ввод
Вы ввели не число,повторите ввод
Вы ввели не число,повторите ввод
Вы ввели не число,повторите ввод
Вы ввели не число,повторите ввод
Вы ввели не число,повторите ввод
Вы ввели не число,повторите ввод
Вы ввели не число,повторите ввод
Вы ввели не число,повторите ввод
Вы ввели не число,повторите ввод
Вы ввели не число,повторите ввод
Вы ввели не число,повторите ввод
Вы ввели не число,повторите ввод
Вы ввели не число,повторите ввод
Вы ввели не число,повторите ввод
Вы ввели не число,повторите ввод
Вы ввели не число,повторите ввод
Вы ввели не число,повторите ввод
Вы ввели не число,повторите ввод
Вы ввели не число,повторите ввод
Вы ввели не число,повторите ввод
Вы ввели не число,повторите ввод
Вы ввели не число,повторите ввод
Вы ввели не число,повторите ввод
Вы ввели не число,повторите ввод
Вы ввели не число,повторите ввод
Вы ввели не число,повторите ввод
Вы ввели не число,повторите ввод
Вы ввели не число,повторите ввод
Вы ввели не число,повторите ввод
Вы ввели не число,повторите ввод
Вы ввели не число,повторите ввод
Вы ввели не число,повторите ввод
Вы ввели не число,повторите ввод
Вы ввели не число,повторите ввод
Вы ввели не число,повторите ввод
Вы ввели не число,повторите ввод
Вы ввели не число,повторите ввод
Вы ввели не число,повторите ввод
Вы ввели не число,повторите ввод
Вы ввели не число,повторите ввод
Вы ввели не число,повторите ввод
Вы ввели не число,повторите ввод
Вы ввели не число,повторите ввод
Вы ввели не число,повторите ввод
Вы ввели не число,повторите ввод
Вы ввели не число,повторите ввод
Вы ввели не число,повторите ввод
Вы ввели не число,повторите ввод
Вы ввели не число,повторите ввод
Вы ввели не число,повторите ввод
Вы ввели не число,повторите ввод
Вы ввели не число,повторите ввод
Вы ввели не число,повторите ввод
Вы ввели не число,повторите ввод
Вы ввели не число,повторите ввод
Вы ввели не число,повторите ввод
Вы ввели не число,повторите ввод
Вы ввели не число,повторите ввод
Вы ввели не число,повторите ввод
Вы ввели не число,повторите ввод
Вы ввели не число,повторите ввод
Вы ввели не число,повторите ввод
Вы ввели не число,повторите ввод
Вы ввели не число,повторите ввод
Вы ввели не число,повторите ввод
Вы ввели не число,повторите ввод
Вы ввели не число,повторите ввод
Вы ввели не число,повторите ввод
Вы ввели не число,повторите ввод
Вы ввели не число,повторите ввод
Вы ввели не число,повторите ввод
Вы ввели не число,повторите ввод
Вы ввели не число,повторите ввод
Вы ввели не число,повторите ввод
Вы ввели не число,повторите ввод
Вы ввели не число,повторите ввод
Вы ввели не число,повторите ввод
Вы ввели не число,повторите ввод
Вы ввели не число,повторите ввод
Вы ввели не число,повторите ввод
Вы ввели не число,повторите ввод
Вы ввели не число,повторите ввод
Вы ввели не число,повторите ввод
Вы ввели не число,повторите ввод
Вы ввели не число,повторите ввод
Вы ввели не число,повторите ввод
Вы ввели не число,повторите ввод
Вы ввели не число,повторите ввод
Вы ввели не число,повторите ввод
Вы ввели не число,повторите ввод
Вы ввели не число,повторите ввод
Вы ввели не число,повторите ввод
Вы ввели не число,повторите ввод
Вы ввели не число,повторите ввод
Вы ввели не число,повторите ввод
Вы ввели не число,повторите ввод
Вы ввели не число,повторите ввод
Вы ввели не число,повторите ввод
Вы ввели не число,повторите ввод
Вы ввели не число,повторите ввод
Вы ввели не число,повторите ввод
Вы ввели не число,повторите ввод
Вы ввели не число,повторите ввод
Вы ввели не число,повторите ввод
Вы ввели не число,повторите ввод
Вы ввели не число,повторите ввод
Вы ввели не число,повторите ввод
Вы ввели не число,повторите ввод
Вы ввели не число,повторите ввод
Вы ввели не число,повторите ввод
Вы ввели не число,повторите ввод
Вы ввели не число,повторите ввод
Вы ввели не число,повторите ввод
Вы ввели не число,повторите ввод
Вы ввели не число,повторите ввод
Вы ввели не число,повторите ввод
Вы ввели не число,повторите ввод
Вы ввели не число,повторите ввод
Вы ввели не число,повторите ввод
Вы ввели не число,повторите ввод
Вы ввели не число,повторите ввод
Вы ввели не число,повторите ввод
Вы ввели не число,повторите ввод
Вы ввели не число,повторите ввод
Вы ввели не число,повторите ввод
Вы ввели не число,повторите ввод
Вы ввели не число,повторите ввод
Вы ввели не число,повторите ввод
Вы ввели не число,повторите ввод
Вы ввели не число,повторите ввод
Вы ввели не число,повторите ввод
Вы ввели не число,повторите ввод
Вы ввели не число,повторите ввод
Вы ввели не число,повторите ввод
Вы ввели не число,повторите ввод
Вы ввели не число,повторите ввод
Вы ввели не число,повторите ввод
Вы ввели не число,повторите ввод
Вы ввели не число,повторите ввод
Вы ввели не число,повторите ввод
Вы ввели не число,повторите ввод
Вы ввели не число,повторите ввод
Вы ввели не число,повторите ввод
Вы ввели не число,повторите ввод
Вы ввели не число,повторите ввод
Вы ввели не число,повторите ввод
Вы ввели не число,повторите ввод
Вы ввели не число,повторите ввод
Вы ввели не число,повторите ввод
Вы ввели не число,повторите ввод
Вы ввели не число,повторите ввод
Вы ввели не число,повторите ввод
Вы ввели не число,повторите ввод
Вы ввели не число,повторите ввод
Вы ввели не число,повторите ввод
Вы ввели не число,повторите ввод
Вы ввели не число,повторите ввод
Вы ввели не число,повторите ввод
Вы ввели не число,повторите ввод
Вы ввели не число,повторите ввод
Вы ввели не число,повторите ввод
Вы ввели не число,повторите ввод
Вы ввели не число,повторите ввод
Вы ввели не число,повторите ввод
Вы ввели не число,повторите ввод
Вы ввели не число,повторите ввод
Вы ввели не число,повторите ввод
Вы ввели не число,повторите ввод
Вы ввели не число,повторите ввод
Вы ввели не число,повторите ввод
Вы ввели не число,повторите ввод
Вы ввели не число,повторите ввод
Вы ввели не число,повторите ввод
Вы ввели не число,повторите ввод
Вы ввели не число,повторите ввод
Вы ввели не число,повторите ввод
Вы ввели не число,повторите ввод
Вы ввели не число,повторите ввод
Вы ввели не число,повторите ввод
Вы ввели не число,повторите ввод
Вы ввели не число,повторите ввод
Вы ввели не число,повторите ввод
Вы ввели не число,повторите ввод
Вы ввели не число,повторите ввод
Вы ввели не число,повторите ввод
Вы ввели не число,повторите ввод
Вы ввели не число,повторите ввод
Вы ввели не число,повторите ввод
Вы ввели не число,повторите ввод
Вы ввели не число,повторите ввод
Вы ввели не число,повторите ввод
Вы ввели не число,повторите ввод
Вы ввели не число,повторите ввод
Вы ввели не число,повторите ввод
Вы ввели не число,повторите ввод
Вы ввели не число,повторите ввод
Вы ввели не число,повторите ввод
Вы ввели не число,повторите ввод
[...]
Вы ввели не число,повторите ввод
Вы ввели не число,повторите ввод
Вы ввели не число,повторите ввод
Вы ввели не число,повторите ввод
Вы ввели не число,повторите ввод
Вы ввели не число,повторите ввод
Вы ввели не число,повторите ввод
Вы ввели не число,повторите ввод
Вы ввели не число,повторите ввод
Вы ввели не число,повторите ввод
Вы ввели не число,повторите ввод
Вы ввели не число,повторите ввод
Вы ввели не число,повторите ввод
Вы ввели не число,повторите ввод
Вы ввели не число,повторите ввод
Вы ввели не число,повторите ввод
Вы ввели не число,повторите ввод
Вы ввели не число,повторите ввод
Вы ввели не число,повторите ввод
Вы ввели не число,повторите ввод
Вы ввели не число,повторите ввод
Вы ввели не число,повторите ввод
Вы ввели не число,повторите ввод
Вы ввели не число,повторите ввод
Вы ввели не число,повторите ввод
Вы ввели не число,повторите ввод
Вы ввели не число,повторите ввод
Вы ввели не число,повторите ввод
Вы ввели не число,повторите ввод
Вы ввели не число,повторите ввод
Вы ввели не число,повторите ввод
Вы ввели не число,повторите ввод
Вы ввели не число,повторите ввод
Вы ввели не число,повторите ввод
Вы ввели не число,повторите ввод
Вы ввели не число,повторите ввод
Вы ввели не число,повторите ввод
Вы ввели не число,повторите ввод
Вы ввели не число,повторите ввод
Вы ввели не число,повторите ввод
Вы ввели не число,повторите ввод
Вы ввели не число,повторите ввод
Вы ввели не число,повторите ввод
Вы ввели не число,повторите ввод
Вы ввели не число,повторите ввод
Вы ввели не число,повторите ввод
Вы ввели не число,повторите ввод
Вы ввели не число,повторите ввод
Вы ввели не число,повторите ввод
Вы ввели не число,повторите ввод
Вы ввели не число,повторите ввод
Вы ввели не число,повторите ввод
Вы ввели не число,повторите ввод
Вы ввели не число,повторите ввод
Вы ввели не число,повторите ввод
Вы ввели не число,повторите ввод
Вы ввели не число,повторите ввод
Вы ввели не число,повторите ввод
Вы ввели не число,повторите ввод
Вы ввели не число,повторите ввод
Вы ввели не число,повторите ввод
Вы ввели не число,повторите ввод
Вы ввели не число,повторите ввод
Вы ввели не число,повторите ввод
Вы ввели не число,повторите ввод
Вы ввели не число,повторите ввод
Вы ввели не число,повторите ввод
Вы ввели не число,повторите ввод
Вы ввели не число,повторите ввод
Вы ввели не число,повторите ввод
Вы ввели не число,повторите ввод
Вы ввели не число,повторите ввод
Вы ввели не число,повторите ввод
Вы ввели не число,повторите ввод
Вы ввели не число,повторите ввод
Вы ввели не число,повторите ввод
Вы ввели не число,повторите ввод
Вы ввели не число,повторите ввод
Вы ввели не число,повторите ввод
Вы ввели не число,повторите ввод
Вы ввели не число,повторите ввод
Вы ввели не число,повторите ввод
Вы ввели не число,повторите ввод
Вы ввели не число,повторите ввод
Вы ввели не число,повторите ввод
Вы ввели не число,повторите ввод
Вы ввели не число,повторите ввод
Вы ввели не число,повторите ввод
Вы ввели не число,повторите ввод
Вы ввели не число,повторите ввод
Вы ввели не число,повторите ввод
Вы ввели не число,повторите ввод
Вы ввели не число,повторите ввод
Вы ввели не число,повторите ввод
Вы ввели не число,повторите ввод
Вы ввели не число,повторите ввод
Вы ввели не число,повторите ввод
Вы ввели не число,повторите ввод
Вы ввели не число,повторите ввод
Вы ввели не число,повторите ввод
Вы ввели не число,повторите ввод
Вы ввели не число,повторите ввод
Вы ввели не число,повторите ввод
Вы ввели не число,повторите ввод
Вы ввели не число,повторите ввод
Вы ввели не число,повторите ввод
Вы ввели не число,повторите ввод
Вы ввели не число,повторите ввод
Вы ввели не число,повторите ввод
Вы ввели не число,повторите ввод
Вы ввели не число,повторите ввод
Вы ввели не число,повторите ввод
Вы ввели не число,повторите ввод
Вы ввели не число,повторите ввод
Вы ввели не число,повторите ввод
Вы ввели не число,повторите ввод
Вы ввели не число,повторите ввод
Вы ввели не число,повторите ввод
Вы ввели не число,повторите ввод
Вы ввели не число,повторите ввод
Вы ввели не число,повторите ввод
Вы ввели не число,повторите ввод
Вы ввели не число,повторите ввод
Вы ввели не число,повторите ввод
Вы ввели не число,повторите ввод
Вы ввели не число,повторите ввод
Вы ввели не число,повторите ввод
Вы ввели не число,повторите ввод
Вы ввели не число,повторите ввод
Вы ввели не число,повторите ввод
Вы ввели не число,повторите ввод
Вы ввели не число,повторите ввод
Вы ввели не число,повторите ввод
Вы ввели не число,повторите ввод
Вы ввели не число,повторите ввод
Вы ввели не число,повторите ввод
Вы ввели не число,повторите ввод
Вы ввели не число,повторите ввод
Вы ввели не число,повторите ввод
Вы ввели не число,повторите ввод
Вы ввели не число,повторите ввод
Вы ввели не число,повторите ввод
Вы ввели не число,повторите ввод
Вы ввели не число,повторите ввод
Вы ввели не число,повторите ввод
Вы ввели не число,повторите ввод
Вы ввели не число,повторите ввод
Вы ввели не число,повторите ввод
Вы ввели не число,повторите ввод
Вы ввели не число,повторите ввод
Вы ввели не число,повторите ввод
Вы ввели не число,повторите ввод
Вы ввели не число,повторите ввод
Вы ввели не число,повторите ввод
Вы ввели не число,повторите ввод
Вы ввели не число,повторите ввод
Вы ввели не число,повторите ввод
Вы ввели не число,повторите ввод
Вы ввели не число,повторите ввод
Вы ввели не число,повторите ввод
Вы ввели не число,повторите ввод
Вы ввели не число,повторите ввод
Вы ввели не число,повторите ввод
Вы ввели не число,повторите ввод
Вы ввели не число,повторите ввод
Вы ввели не число,повторите ввод
Вы ввели не число,повторите ввод
Вы ввели не число,повторите ввод
Вы ввели не число,повторите ввод
Вы ввели не число,повторите ввод
Вы ввели не число,повторите ввод
Вы ввели не число,повторите ввод
Вы ввели не число,повторите ввод
Вы ввели не число,повторите ввод
Вы ввели не число,повторите ввод
Вы ввели не число,повторите ввод
Вы ввели не число,повторите ввод
Вы ввели не число,повторите ввод
Вы ввели не число,повторите ввод
Вы ввели не число,повторите ввод
Вы ввели не число,повторите ввод
Вы ввели не число,повторите ввод
Вы ввели не число,повторите ввод
Вы ввели не число,повторите ввод
Вы ввели не число,повторите ввод
Вы ввели не число,повторите ввод
Вы ввели не число,повторите ввод
Вы ввели не число,повторите ввод
Вы ввели не число,повторите ввод
Вы ввели не число,повторите ввод
Вы ввели не число,повторите ввод
Вы ввели не число,повторите ввод
Вы ввели не число,повторите ввод
Вы ввели не число,повторите ввод
Вы ввели не число,повторите ввод
Вы ввели не число,повторите ввод
Вы ввели не число,повторите ввод
Вы ввели не число,повторите ввод
Вы ввели не число,повторите ввод
Вы ввели не число,повторите ввод
Вы ввели не число,повторите ввод
Вы ввели не число,повторите ввод
Вы ввели не число,повторите ввод
Вы ввели не число,повторите ввод
Вы ввели не число,повторите ввод
Вы ввели не число,повторите ввод
Вы ввели не число,повторите ввод
Вы ввели не число,повторите ввод
Вы ввели не число,повторите ввод
Вы ввели не число,повторите ввод
Вы ввели не число,повторите ввод
Вы ввели не число,повторите ввод
Вы ввели не число,повторите ввод
Вы ввели не число,повторите ввод
Вы ввели не число,повторите ввод
Вы ввели не число,повторите ввод
Вы ввели не число,повторите ввод
Вы ввели не число,повторите ввод
Вы ввели не число,повторите ввод
Вы ввели не число,повторите ввод
Вы ввели не число,повторите ввод
Вы ввели не число,повторите ввод
Вы ввели не число,повторите ввод
Вы ввели не число,повторите ввод
Вы ввели не число,повторите ввод
Вы ввели не число,повторите ввод
Вы ввели не число,повторите ввод
Вы ввели не число,повторите ввод
Вы ввели не число,повторите ввод
Вы ввели не число,повторите ввод
Вы ввели не число,повторите ввод
Вы ввели не число,повторите ввод
Вы ввели не число,повторите ввод
Вы ввели не число,повторите ввод
Вы ввели не число,повторите ввод
Вы ввели не число,повторите ввод
Вы ввели не число,повторите ввод
Вы ввели не число,повторите ввод
Вы ввели не число,повторите ввод
Вы ввели не число,повторите ввод
Вы ввели не число,повторите ввод
Вы ввели не число,повторите ввод
Вы ввели не число,повторите ввод
Вы ввели не число,повторите ввод
Вы ввели не число,повторите ввод
Вы ввели не число,повторите ввод
Вы ввели не число,повторите ввод
Вы ввели не число,повторите ввод
Вы ввели не число,повторите ввод
Вы ввели не число,повторите ввод
Вы ввели не число,повторите ввод
Вы ввели не число,повторите ввод
Вы ввели не число,повторите ввод
Вы ввели не число,повторите ввод
Вы ввели не число,повторите ввод
Вы ввели не число,повторите ввод
Вы ввели не число,повторите ввод
Вы ввели не число,повторите ввод
Вы ввели не число,повторите ввод
Вы ввели не число,повторите ввод
Вы ввели не число,повторите ввод
Вы ввели не число,повторите ввод
Вы ввели не число,повторите ввод
Вы ввели не число,повторите ввод
Вы ввели не число,повторите ввод
Вы ввели не число,повторите ввод
Вы ввели не число,повторите ввод
Вы ввели не число,повторите ввод
Вы ввели не число,повторите ввод
Вы ввели не число,повторите ввод
Вы ввели не число,повторите ввод
Вы ввели не число,повторите ввод
Вы ввели не число,повторите ввод
Вы ввели не число,повторите ввод
Вы ввели не число,повторите ввод
Вы ввели не число,повторите ввод
Вы ввели не число,повторите ввод
Вы ввели не число,повторите ввод
Вы ввели не число,повторите ввод
Вы ввели не число,повторите ввод
Вы ввели не число,повторите ввод
Вы ввели не число,повторите ввод
Вы ввели не число,повторите ввод
Вы ввели не число,повторите ввод
Вы ввели не число,повторите ввод
Вы ввели не число,повторите ввод
Вы ввели не число,повторите ввод
Вы ввели не число,повторите ввод
Вы ввели не число,повторите ввод
Вы ввели не число,повторите ввод
Вы ввели не число,повторите ввод
Вы ввели не число,повторите ввод
Вы ввели не число,повторите ввод
Вы ввели не число,повторите ввод
Вы ввели не число,повторите ввод
Вы ввели не число,повторите ввод
Вы ввели не число,повторите ввод
Вы ввели не число,повторите ввод
Вы ввели не число,повторите ввод
Вы ввели не число,повторите ввод
Вы ввели не число,повторите ввод
Вы ввели не число,повторите ввод
Вы ввели не число,повторите ввод
Вы ввели не число,повторите ввод
Вы ввели не число,повторите ввод
Вы ввели не число,повторите ввод
Вы ввели не число,повторите ввод
Вы ввели не число,повторите ввод
Вы ввели не число,повторите ввод
Вы ввели не число,повторите ввод
Вы ввели не число,повторите ввод
Вы ввели не число,повторите ввод
Вы ввели не число,повторите ввод
Вы ввели не число,повторите ввод
Вы ввели не число,повторите ввод
Вы ввели не число,повторите ввод
Вы ввели не число,повторите ввод
Вы ввели не число,повторите ввод
Вы ввели не число,повторите ввод
Вы ввели не число,повторите ввод
Вы ввели не число,повторите ввод
Вы ввели не число,повторите ввод
Вы ввели не число,повторите ввод
Вы ввели не число,повторите ввод
Вы ввели не число,повторите ввод
Вы ввели не число,повторите ввод
Вы ввели не число,повторите ввод
Вы ввели не число,повторите ввод
Вы ввели не число,повторите ввод
Вы ввели не число,повторите ввод
Вы ввели не число,повторите ввод
Вы ввели не число,повторите ввод
Вы ввели не число,повторите ввод
Вы ввели не число,повторите ввод
Вы ввели не число,повторите ввод
Вы ввели не число,повторите ввод
Вы ввели не число,повторите ввод
Вы ввели не число,повторите ввод
Вы ввели не число,повторите ввод
Вы ввели не число,повторите ввод
Вы ввели не число,повторите ввод
Вы ввели не число,повторите ввод
Вы ввели не число,повторите ввод
Вы ввели не число,повторите ввод
Вы ввели не число,повторите ввод
Вы ввели не число,повторите ввод
Вы ввели не число,повторите ввод
Вы ввели не число,повторите ввод
Вы ввели не число,повторите ввод
Вы ввели не число,повторите ввод
Вы ввели не число,повторите ввод
Вы ввели не число,повторите ввод
Вы ввели не число,повторите ввод
Вы ввели не число,повторите ввод
Вы ввели не число,повторите ввод
Вы ввели не число,повторите ввод
Вы ввели не число,повторите ввод
Вы ввели не число,повторите ввод
Вы ввели не число,повторите ввод
Вы ввели не число,повторите ввод
Вы ввели не число,повторите ввод
Вы ввели не число,повторите ввод
Вы ввели не число,повторите ввод
Вы ввели не число,повторите ввод
Вы ввели не число,повторите ввод
Вы ввели не число,повторите ввод
Вы ввели не число,повторите ввод
Вы ввели не число,повторите ввод
Вы ввели не число,повторите ввод
Вы ввели не число,повторите ввод
Вы ввели не число,повторите ввод
Вы ввели не число,повторите ввод
Вы ввели не число,повторите ввод
Вы ввели не число,повторите ввод
Вы ввели не число,повторите ввод
Вы ввели не число,повторите ввод
Вы ввели не число,повторите ввод
Вы ввели не число,повторите ввод
Вы ввели не число,повторите ввод
Вы ввели не число,повторите ввод
Вы ввели не число,повторите ввод
Вы ввели не число,повторите ввод
Вы ввели не число,повторите ввод
Вы ввели не число,повторите ввод
Вы ввели не число,повторите ввод
Вы ввели не число,повторите ввод
Вы ввели не число,повторите ввод
Вы ввели не число,повторите ввод
Вы ввели не число,повторите ввод
Вы ввели не число,повторите ввод
Вы ввели не число,повторите ввод
Вы ввели не число,повторите ввод
Вы ввели не число,повторите ввод
Вы ввели не число,повторите ввод
Вы ввели не число,повторите ввод
Вы ввели не число,повторите ввод
Вы ввели не число,повторите ввод
Вы ввели не число,повторите ввод
Вы ввели не число,повторите ввод
Вы ввели не число,повторите ввод
Вы ввели не число,повторите ввод
Вы ввели не число,повторите ввод
Вы ввели не число,повторите ввод
Вы ввели не число,повторите ввод
Вы ввели не число,повторите ввод
Вы ввели не число,повторите ввод
Вы ввели не число,повторите ввод
Вы ввели не число,повторите ввод
Вы ввели не число,повторите ввод
Вы ввели не число,повторите ввод
Вы ввели не число,повторите ввод
Вы ввели не число,повторите ввод
Вы ввели не число,повторите ввод
Вы ввели не число,повторите ввод
Вы ввели не число,повторите ввод
Вы ввели не число,повторите ввод
Вы ввели не число,повторите ввод
Вы ввели не число,повторите ввод
Вы ввели не число,повторите ввод
Вы ввели не число,повторите ввод
Вы ввели не число,повторите ввод
Вы ввели не число,повторите ввод
Вы ввели не число,повторите ввод
Вы ввели не число,повторите ввод
Вы ввели не число,повторите ввод
Вы ввели не число,повторите ввод
Вы ввели не число,повторите ввод
Вы ввели не число,повторите ввод
Вы ввели не число,повторите ввод
Вы ввели не число,повторите ввод
Вы ввели не число,повторите ввод
Вы ввели не число,повторите ввод
Вы ввели не число,повторите ввод
Вы ввели не число,повторите ввод
Вы ввели не число,повторите ввод
Вы ввели не число,повторите ввод
Вы ввели не число,повторите ввод
Вы ввели не число,повторите ввод
Вы ввели не число,повторите ввод
Вы ввели не число,повторите ввод
Вы ввели не число,повторите ввод
Вы ввели не число,повторите ввод
Вы ввели не число,повторите ввод
Вы ввели не число,повторите ввод
Вы ввели не число,повторите ввод
Вы ввели не число,повторите ввод
Вы ввели не число,повторите ввод
Вы ввели не число,повторите ввод
Вы ввели не число,повторите ввод
Вы ввели не число,повторите ввод
Вы ввели не число,повторите ввод
Вы ввели не число,повторите ввод
Вы ввели не число,повторите ввод
Вы ввели не число,повторите ввод
Вы ввели не число,повторите ввод
Вы ввели не число,повторите ввод
Вы ввели не число,повторите ввод
Вы ввели не число,повторите ввод
Вы ввели не число,повторите ввод
Вы ввели не число,повторите ввод
Вы ввели не число,повторите ввод
Вы ввели не число,повторите ввод
Вы ввели не число,повторите ввод
Вы ввели не число,повторите ввод
Вы ввели не число,повторите ввод
Вы ввели не число,повторите ввод
Вы ввели не число,повторите ввод
Вы ввели не число,повторите ввод
Вы ввели не число,повторите ввод
Вы ввели не число,повторите ввод
Вы ввели не число,повторите ввод
Вы ввели не число,повторите ввод
Вы ввели не число,повторите ввод
Вы ввели не число,повторите ввод
Вы ввели не число,повторите ввод
Вы ввели не число,повторите ввод
Вы ввели не число,повторите ввод
Вы ввели не число,повторите ввод
Вы ввели не число,повторите ввод
Вы ввели не число,повторите ввод
Вы ввели не число,повторите ввод
Вы ввели не число,повторите ввод
Вы ввели не число,повторите ввод
Вы ввели не число,повторите ввод
Вы ввели не число,повторите ввод
Вы ввели не число,повторите ввод
Вы ввели не число,повторите ввод
Вы ввели не число,повторите ввод
Вы ввели не число,повторите ввод
Вы ввели не число,повторите ввод
Вы ввели не число,повторите ввод
Вы ввели не число,повторите ввод
Вы ввели не число,повторите ввод
Вы ввели не число,повторите ввод
Вы ввели не число,повторите ввод
Вы ввели не число,повторите ввод
Вы ввели не число,повторите ввод
Вы ввели не число,повторите ввод
Вы ввели не число,повторите ввод
Вы ввели не число,повторите ввод
Вы ввели не число,повторите ввод
Вы ввели не число,повторите ввод
Вы ввели не число,повторите ввод
Вы ввели не число,повторите ввод
Вы ввели не число,повторите ввод
Вы ввели не число,повторите ввод
Вы ввели не число,повторите ввод
Вы ввели не число,повторите ввод
Вы ввели не число,повторите ввод
Вы ввели не число,повторите ввод
Вы ввели не число,повторите ввод
Вы ввели не число,повторите ввод
Вы ввели не число,повторите ввод
Вы ввели не число,повторите ввод
Вы ввели не число,повторите ввод
Вы ввели не число,повторите ввод
Вы ввели не число,повторите ввод
Вы ввели не число,повторите ввод
Вы ввели не число,повторите ввод
Вы ввели не число,повторите ввод
Вы ввели не число,повторите ввод
Вы ввели не число,повторите ввод
Вы ввели не число,повторите ввод
Вы ввели не число,повторите ввод
Вы ввели не число,повторите ввод
Вы ввели не число,повторите ввод
Вы ввели не число,повторите ввод
Вы ввели не число,повторите ввод
Вы ввели не число,повторите ввод
Вы ввели не число,повторите ввод
Вы ввели не число,повторите ввод
Вы ввели не число,повторите ввод
Вы ввели не число,повторите ввод
Вы ввели не число,повторите ввод
Вы ввели не число,повторите ввод
Вы ввели не число,повторите ввод
Вы ввели не число,повторите ввод
Вы ввели не число,повторите ввод
Вы ввели не число,повторите ввод
Вы ввели не число,повторите ввод
Вы ввели не число,повторите ввод
Вы ввели не число,повторите ввод
Вы ввели не число,повторите ввод
Вы ввели не число,повторите ввод
Вы ввели не число,повторите ввод
Вы ввели не число,повторите ввод
Вы ввели не число,повторите ввод
Вы ввели не число,повторите ввод
Вы ввели не число,повторите ввод
Вы ввели не число,повторите ввод
Вы ввели не число,повторите ввод
Вы ввели не число,повторите ввод
Вы ввели не число,повторите ввод
Вы ввели не число,повторите ввод
Вы ввели не число,повторите ввод
Вы ввели не число,повторите ввод
Вы ввели не число,повторите ввод
Вы ввели не число,повторите ввод
Вы ввели не число,повторите ввод
Вы ввели не число,повторите ввод
Вы ввели не число,повторите ввод
Вы ввели не число,повторите ввод
Вы ввели не число,повторите ввод
Вы ввели не число,повторите ввод
Вы ввели не число,повторите ввод
Вы ввели не число,повторите ввод
Вы ввели не число,повторите ввод
Вы ввели не число,повторите ввод
Вы ввели не число,повторите ввод
]]></system-out>
  </testcase>
  <testcase name="getOperationTest(String, String)[1]" classname="calculator.CalculationUtilsTest" time="0"/>
  <testcase name="getOperationTest(String, String)[2]" classname="calculator.CalculationUtilsTest" time="0.012"/>
  <testcase name="getOperationTest(String, String)[3]" classname="calculator.CalculationUtilsTest" time="0"/>
  <testcase name="getOperationTest(String, String)[4]" classname="calculator.CalculationUtilsTest" time="0"/>
  <testcase name="getWrongOperationTest(String)[1]" classname="calculator.CalculationUtilsTest" time="0">
    <system-out><![CDATA[Вы ввели неверный оператор
]]></system-out>
  </testcase>
  <testcase name="determineActionTest(double, String, double, double)[1]" classname="calculator.CalculationUtilsTest" time="0.008"/>
  <testcase name="determineActionTest(double, String, double, double)[2]" classname="calculator.CalculationUtilsTest" time="0"/>
  <testcase name="determineActionTest(double, String, double, double)[3]" classname="calculator.CalculationUtilsTest" time="0"/>
  <testcase name="determineActionTest(double, String, double, double)[4]" classname="calculator.CalculationUtilsTest" time="0"/>
</testsuite>